absl-py==1.0.0
appdirs==1.4.4
astunparse==1.6.3
cached-property==1.5.2
cachetools==5.0.0
certifi==2021.10.8
charset-normalizer==2.0.12
cycler @ file:///tmp/build/80754af9/cycler_1637851556182/work
distlib==0.3.1
easydict==1.9
flatbuffers==2.0
fonttools==4.25.0
gast==0.5.3
google-auth==2.6.2
google-auth-oauthlib==0.4.6
google-pasta==0.2.0
grpcio==1.44.0
h5py==3.6.0
idna==3.3
importlib-metadata==4.11.3
keras==2.8.0
Keras-Preprocessing==1.1.2
kiwisolver @ file:///opt/conda/conda-bld/kiwisolver_1638569886207/work
libclang==13.0.0
Markdown==3.3.6
matplotlib @ file:///tmp/build/80754af9/matplotlib-suite_1647441664166/work
mkl-fft==1.3.1
mkl-random @ file:///tmp/build/80754af9/mkl_random_1626179032232/work
mkl-service==2.4.0
munkres==1.1.4
nltk==3.5
numpy @ file:///tmp/build/80754af9/numpy_and_numpy_base_1634106693478/work
oauthlib==3.2.0
opt-einsum==3.3.0
packaging @ file:///tmp/build/80754af9/packaging_1637314298585/work
pbr==5.4.5
Pillow==9.0.1
protobuf==3.20.0
pyasn1==0.4.8
pyasn1-modules==0.2.8
pyparsing @ file:///tmp/build/80754af9/pyparsing_1635766073266/work
python-dateutil @ file:///tmp/build/80754af9/python-dateutil_1626374649649/work
regex==2020.4.4
requests==2.27.1
requests-oauthlib==1.3.1
rsa==4.8
six @ file:///tmp/build/80754af9/six_1644875935023/work
stevedore==3.2.0
tensorboard==2.8.0
tensorboard-data-server==0.6.1
tensorboard-plugin-wit==1.8.1
tensorflow-gpu==2.8.0
tensorflow-io-gcs-filesystem==0.24.0
termcolor==1.1.0
tf-estimator-nightly==2.8.0.dev2021122109
tornado @ file:///tmp/build/80754af9/tornado_1606942283357/work
typing_extensions==4.1.1
urllib3==1.26.9
virtualenv==20.0.27
virtualenv-clone==0.5.4
virtualenvwrapper==4.8.4
Werkzeug==2.1.1
wrapt==1.14.0
zipp==3.8.0
