

Files already downloaded and verified
Files already downloaded and verified
---model.fc.in_features--
 512
---type(model.fc---- <class 'torch.nn.modules.linear.Linear'>





=================================================================
Layer (type:depth-idx)                   Param #
=================================================================
ResNet                                   --
├─Conv2d: 1-1                            (9,408)
├─BatchNorm2d: 1-2                       (128)
├─ReLU: 1-3                              --
├─MaxPool2d: 1-4                         --
├─Sequential: 1-5                        --
│    └─BasicBlock: 2-1                   --
│    │    └─Conv2d: 3-1                  (36,864)
│    │    └─BatchNorm2d: 3-2             (128)
│    │    └─ReLU: 3-3                    --
│    │    └─Conv2d: 3-4                  (36,864)
│    │    └─BatchNorm2d: 3-5             (128)
│    └─BasicBlock: 2-2                   --
│    │    └─Conv2d: 3-6                  (36,864)
│    │    └─BatchNorm2d: 3-7             (128)
│    │    └─ReLU: 3-8                    --
│    │    └─Conv2d: 3-9                  (36,864)
│    │    └─BatchNorm2d: 3-10            (128)
├─Sequential: 1-6                        --
│    └─BasicBlock: 2-3                   --
│    │    └─Conv2d: 3-11                 (73,728)
│    │    └─BatchNorm2d: 3-12            (256)
│    │    └─ReLU: 3-13                   --
│    │    └─Conv2d: 3-14                 (147,456)
│    │    └─BatchNorm2d: 3-15            (256)
│    │    └─Sequential: 3-16             (8,448)
│    └─BasicBlock: 2-4                   --
│    │    └─Conv2d: 3-17                 (147,456)
│    │    └─BatchNorm2d: 3-18            (256)
│    │    └─ReLU: 3-19                   --
│    │    └─Conv2d: 3-20                 (147,456)
│    │    └─BatchNorm2d: 3-21            (256)
├─Sequential: 1-7                        --
│    └─BasicBlock: 2-5                   --
│    │    └─Conv2d: 3-22                 (294,912)
│    │    └─BatchNorm2d: 3-23            (512)
│    │    └─ReLU: 3-24                   --
│    │    └─Conv2d: 3-25                 (589,824)
│    │    └─BatchNorm2d: 3-26            (512)
│    │    └─Sequential: 3-27             (33,280)
│    └─BasicBlock: 2-6                   --
│    │    └─Conv2d: 3-28                 (589,824)
│    │    └─BatchNorm2d: 3-29            (512)
│    │    └─ReLU: 3-30                   --
│    │    └─Conv2d: 3-31                 (589,824)
│    │    └─BatchNorm2d: 3-32            (512)
├─Sequential: 1-8                        --
│    └─BasicBlock: 2-7                   --
│    │    └─Conv2d: 3-33                 (1,179,648)
│    │    └─BatchNorm2d: 3-34            (1,024)
│    │    └─ReLU: 3-35                   --
│    │    └─Conv2d: 3-36                 (2,359,296)
│    │    └─BatchNorm2d: 3-37            (1,024)
│    │    └─Sequential: 3-38             (132,096)
│    └─BasicBlock: 2-8                   --
│    │    └─Conv2d: 3-39                 (2,359,296)
│    │    └─BatchNorm2d: 3-40            (1,024)
│    │    └─ReLU: 3-41                   --
│    │    └─Conv2d: 3-42                 (2,359,296)
│    │    └─BatchNorm2d: 3-43            (1,024)
├─AdaptiveAvgPool2d: 1-9                 --
├─Linear: 1-10                           5,130
=================================================================
Total params: 11,181,642
Trainable params: 5,130
Non-trainable params: 11,176,512
=================================================================



----------------------------------------------------------------
        Layer (type)               Output Shape         Param #
================================================================
            Conv2d-1         [-1, 64, 112, 112]           9,408
       BatchNorm2d-2         [-1, 64, 112, 112]             128
              ReLU-3         [-1, 64, 112, 112]               0
         MaxPool2d-4           [-1, 64, 56, 56]               0
        Conv2dAuto-5           [-1, 64, 56, 56]          36,864
       BatchNorm2d-6           [-1, 64, 56, 56]             128
              ReLU-7           [-1, 64, 56, 56]               0
        Conv2dAuto-8           [-1, 64, 56, 56]          36,864
       BatchNorm2d-9           [-1, 64, 56, 56]             128
             ReLU-10           [-1, 64, 56, 56]               0
 ResNetBasicBlock-11           [-1, 64, 56, 56]               0
       Conv2dAuto-12           [-1, 64, 56, 56]          36,864
      BatchNorm2d-13           [-1, 64, 56, 56]             128
             ReLU-14           [-1, 64, 56, 56]               0
       Conv2dAuto-15           [-1, 64, 56, 56]          36,864
      BatchNorm2d-16           [-1, 64, 56, 56]             128
             ReLU-17           [-1, 64, 56, 56]               0
 ResNetBasicBlock-18           [-1, 64, 56, 56]               0
      ResNetLayer-19           [-1, 64, 56, 56]               0
           Conv2d-20          [-1, 128, 28, 28]           8,192
      BatchNorm2d-21          [-1, 128, 28, 28]             256
       Conv2dAuto-22          [-1, 128, 28, 28]          73,728
      BatchNorm2d-23          [-1, 128, 28, 28]             256
             ReLU-24          [-1, 128, 28, 28]               0
       Conv2dAuto-25          [-1, 128, 28, 28]         147,456
      BatchNorm2d-26          [-1, 128, 28, 28]             256
             ReLU-27          [-1, 128, 28, 28]               0
 ResNetBasicBlock-28          [-1, 128, 28, 28]               0
       Conv2dAuto-29          [-1, 128, 28, 28]         147,456
      BatchNorm2d-30          [-1, 128, 28, 28]             256
             ReLU-31          [-1, 128, 28, 28]               0
       Conv2dAuto-32          [-1, 128, 28, 28]         147,456
      BatchNorm2d-33          [-1, 128, 28, 28]             256
             ReLU-34          [-1, 128, 28, 28]               0
 ResNetBasicBlock-35          [-1, 128, 28, 28]               0
      ResNetLayer-36          [-1, 128, 28, 28]               0
           Conv2d-37          [-1, 256, 14, 14]          32,768
      BatchNorm2d-38          [-1, 256, 14, 14]             512
       Conv2dAuto-39          [-1, 256, 14, 14]         294,912
      BatchNorm2d-40          [-1, 256, 14, 14]             512
             ReLU-41          [-1, 256, 14, 14]               0
       Conv2dAuto-42          [-1, 256, 14, 14]         589,824
      BatchNorm2d-43          [-1, 256, 14, 14]             512
             ReLU-44          [-1, 256, 14, 14]               0
 ResNetBasicBlock-45          [-1, 256, 14, 14]               0
       Conv2dAuto-46          [-1, 256, 14, 14]         589,824
      BatchNorm2d-47          [-1, 256, 14, 14]             512
             ReLU-48          [-1, 256, 14, 14]               0
       Conv2dAuto-49          [-1, 256, 14, 14]         589,824
      BatchNorm2d-50          [-1, 256, 14, 14]             512
             ReLU-51          [-1, 256, 14, 14]               0
 ResNetBasicBlock-52          [-1, 256, 14, 14]               0
      ResNetLayer-53          [-1, 256, 14, 14]               0
           Conv2d-54            [-1, 512, 7, 7]         131,072
      BatchNorm2d-55            [-1, 512, 7, 7]           1,024
       Conv2dAuto-56            [-1, 512, 7, 7]       1,179,648
      BatchNorm2d-57            [-1, 512, 7, 7]           1,024
             ReLU-58            [-1, 512, 7, 7]               0
       Conv2dAuto-59            [-1, 512, 7, 7]       2,359,296
      BatchNorm2d-60            [-1, 512, 7, 7]           1,024
             ReLU-61            [-1, 512, 7, 7]               0
 ResNetBasicBlock-62            [-1, 512, 7, 7]               0
       Conv2dAuto-63            [-1, 512, 7, 7]       2,359,296
      BatchNorm2d-64            [-1, 512, 7, 7]           1,024
             ReLU-65            [-1, 512, 7, 7]               0
       Conv2dAuto-66            [-1, 512, 7, 7]       2,359,296
      BatchNorm2d-67            [-1, 512, 7, 7]           1,024
             ReLU-68            [-1, 512, 7, 7]               0
 ResNetBasicBlock-69            [-1, 512, 7, 7]               0
      ResNetLayer-70            [-1, 512, 7, 7]               0
    ResNetEncoder-71            [-1, 512, 7, 7]               0
AdaptiveAvgPool2d-72            [-1, 512, 1, 1]               0
           Linear-73                 [-1, 1000]         513,000
    ResnetDecoder-74                 [-1, 1000]               0
================================================================
Total params: 11,689,512
Trainable params: 11,689,512
Non-trainable params: 0
----------------------------------------------------------------
Input size (MB): 0.57
Forward/backward pass size (MB): 65.86
Params size (MB): 44.59
Estimated Total Size (MB): 111.03




------model.summary()----- =================================================================
Layer (type:depth-idx)                   Param #
=================================================================
ResNet                                   --
├─Conv2d: 1-1                            (9,408)
├─BatchNorm2d: 1-2                       (128)
├─ReLU: 1-3                              --
├─MaxPool2d: 1-4                         --
├─Sequential: 1-5                        --
│    └─BasicBlock: 2-1                   --
│    │    └─Conv2d: 3-1                  (36,864)
│    │    └─BatchNorm2d: 3-2             (128)
│    │    └─ReLU: 3-3                    --
│    │    └─Conv2d: 3-4                  (36,864)
│    │    └─BatchNorm2d: 3-5             (128)
│    └─BasicBlock: 2-2                   --
│    │    └─Conv2d: 3-6                  (36,864)
│    │    └─BatchNorm2d: 3-7             (128)
│    │    └─ReLU: 3-8                    --
│    │    └─Conv2d: 3-9                  (36,864)
│    │    └─BatchNorm2d: 3-10            (128)
├─Sequential: 1-6                        --
│    └─BasicBlock: 2-3                   --
│    │    └─Conv2d: 3-11                 (73,728)
│    │    └─BatchNorm2d: 3-12            (256)
│    │    └─ReLU: 3-13                   --
│    │    └─Conv2d: 3-14                 (147,456)
│    │    └─BatchNorm2d: 3-15            (256)
│    │    └─Sequential: 3-16             (8,448)
│    └─BasicBlock: 2-4                   --
│    │    └─Conv2d: 3-17                 (147,456)
│    │    └─BatchNorm2d: 3-18            (256)
│    │    └─ReLU: 3-19                   --
│    │    └─Conv2d: 3-20                 (147,456)
│    │    └─BatchNorm2d: 3-21            (256)
├─Sequential: 1-7                        --
│    └─BasicBlock: 2-5                   --
│    │    └─Conv2d: 3-22                 (294,912)
│    │    └─BatchNorm2d: 3-23            (512)
│    │    └─ReLU: 3-24                   --
│    │    └─Conv2d: 3-25                 (589,824)
│    │    └─BatchNorm2d: 3-26            (512)
│    │    └─Sequential: 3-27             (33,280)
│    └─BasicBlock: 2-6                   --
│    │    └─Conv2d: 3-28                 (589,824)
│    │    └─BatchNorm2d: 3-29            (512)
│    │    └─ReLU: 3-30                   --
│    │    └─Conv2d: 3-31                 (589,824)
│    │    └─BatchNorm2d: 3-32            (512)
├─Sequential: 1-8                        --
│    └─BasicBlock: 2-7                   --
│    │    └─Conv2d: 3-33                 (1,179,648)
│    │    └─BatchNorm2d: 3-34            (1,024)
│    │    └─ReLU: 3-35                   --
│    │    └─Conv2d: 3-36                 (2,359,296)
│    │    └─BatchNorm2d: 3-37            (1,024)
│    │    └─Sequential: 3-38             (132,096)
│    └─BasicBlock: 2-8                   --
│    │    └─Conv2d: 3-39                 (2,359,296)
│    │    └─BatchNorm2d: 3-40            (1,024)
│    │    └─ReLU: 3-41                   --
│    │    └─Conv2d: 3-42                 (2,359,296)
│    │    └─BatchNorm2d: 3-43            (1,024)
├─AdaptiveAvgPool2d: 1-9                 --
├─Linear: 1-10                           5,130
=================================================================
Total params: 11,181,642
Trainable params: 5,130
Non-trainable params: 11,176,512
=================================================================
Epoch 1/1
----in_here----train_model(----
----train_model(--labels---- tensor([4, 5, 2, 8, 5, 8, 0, 6, 4, 5, 4, 7, 9, 8, 3, 7, 8, 3, 6, 5, 9, 6, 1, 4,
        6, 1, 0, 0, 5, 8, 5, 4, 4, 1, 2, 4, 5, 8, 9, 2, 2, 0, 6, 5, 1, 3, 3, 3,
        2, 0])
----train_model(--labels---- tensor([9, 3, 6, 0, 7, 3, 9, 8, 2, 8, 6, 0, 9, 9, 6, 6, 2, 3, 6, 6, 0, 4, 7, 0,
        8, 7, 3, 3, 9, 7, 3, 2, 5, 9, 1, 4, 8, 2, 2, 2, 1, 4, 4, 9, 6, 3, 6, 5,
        5, 5])
----train_model(--labels---- tensor([1, 8, 9, 9, 1, 8, 2, 4, 8, 3, 4, 0, 0, 4, 0, 6, 6, 4, 6, 2, 5, 0, 8, 4,
        6, 0, 6, 9, 8, 4, 6, 3, 4, 8, 2, 3, 9, 4, 8, 6, 6, 3, 6, 1, 1, 0, 6, 3,
        3, 3])
----train_model(--labels---- tensor([0, 5, 7, 0, 8, 0, 7, 1, 4, 0, 0, 9, 0, 8, 5, 2, 5, 3, 3, 9, 4, 3, 5, 3,
        7, 8, 5, 3, 0, 8, 8, 2, 6, 4, 9, 9, 0, 0, 3, 8, 6, 0, 2, 4, 6, 1, 7, 2,
        2, 3])
----train_model(--labels---- tensor([1, 0, 9, 8, 0, 7, 2, 0, 2, 2, 6, 4, 7, 7, 0, 8, 2, 9, 6, 0, 3, 0, 1, 5,
        0, 6, 2, 5, 2, 7, 0, 7, 2, 0, 7, 7, 2, 8, 3, 1, 0, 3, 2, 3, 5, 3, 7, 6,
        1, 4])
----train_model(--labels---- tensor([6, 0, 2, 0, 2, 3, 9, 4, 6, 8, 8, 6, 3, 0, 5, 8, 3, 4, 2, 9, 3, 7, 8, 0,
        1, 7, 2, 8, 1, 0, 9, 3, 8, 6, 6, 7, 4, 8, 6, 9, 3, 2, 4, 6, 8, 6, 0, 8,
        7, 8])
----train_model(--labels---- tensor([4, 6, 4, 9, 8, 9, 4, 4, 2, 5, 6, 8, 4, 3, 6, 0, 9, 8, 7, 5, 9, 8, 9, 3,
        3, 9, 7, 2, 9, 0, 2, 3, 4, 6, 5, 8, 1, 2, 7, 2, 3, 2, 5, 4, 9, 3, 9, 2,
        4, 6])
----train_model(--labels---- tensor([9, 8, 5, 2, 2, 8, 7, 2, 6, 3, 1, 7, 6, 9, 8, 6, 6, 0, 1, 4, 1, 9, 6, 1,
        9, 4, 1, 8, 3, 4, 5, 2, 9, 8, 9, 6, 4, 2, 5, 1, 2, 4, 6, 3, 5, 9, 4, 4,
        4, 4])
----train_model(--labels---- tensor([8, 2, 8, 5, 4, 4, 1, 5, 7, 7, 6, 9, 2, 7, 7, 7, 6, 2, 8, 7, 8, 1, 6, 1,
        2, 6, 6, 5, 6, 6, 0, 4, 4, 5, 6, 9, 6, 1, 6, 3, 2, 2, 2, 5, 7, 3, 9, 9,
        6, 6])
----train_model(--labels---- tensor([4, 6, 6, 0, 8, 4, 2, 9, 7, 4, 0, 7, 9, 6, 4, 2, 5, 0, 2, 4, 4, 3, 6, 9,
        6, 0, 2, 6, 4, 3, 3, 0, 3, 7, 6, 9, 8, 1, 8, 6, 3, 7, 0, 1, 2, 5, 9, 6,
        7, 5])
----train_model(--labels---- tensor([8, 8, 7, 2, 7, 3, 2, 9, 8, 5, 9, 7, 8, 8, 3, 5, 4, 0, 5, 5, 3, 1, 0, 9,
        1, 3, 3, 1, 6, 9, 2, 8, 6, 1, 3, 7, 8, 7, 7, 6, 1, 5, 6, 5, 0, 1, 9, 1,
        7, 4])
----train_model(--labels---- tensor([1, 7, 6, 7, 2, 4, 8, 0, 4, 9, 1, 3, 0, 4, 8, 0, 4, 3, 4, 1, 0, 3, 5, 9,
        2, 6, 7, 8, 0, 8, 4, 4, 6, 4, 6, 6, 6, 1, 4, 7, 8, 2, 4, 2, 4, 6, 0, 4,
        6, 5])
----train_model(--labels---- tensor([3, 6, 9, 4, 3, 9, 9, 2, 7, 5, 6, 5, 7, 0, 9, 4, 7, 5, 3, 3, 1, 4, 7, 2,
        6, 1, 1, 9, 4, 5, 4, 9, 4, 7, 1, 6, 6, 5, 4, 0, 7, 7, 6, 5, 4, 0, 8, 9,
        0, 7])
----train_model(--labels---- tensor([7, 0, 6, 9, 3, 0, 7, 5, 2, 9, 4, 1, 5, 9, 4, 9, 2, 2, 0, 9, 2, 4, 9, 4,
        8, 1, 7, 2, 0, 4, 0, 4, 5, 8, 6, 8, 5, 9, 5, 2, 7, 0, 0, 4, 5, 3, 8, 9,
        1, 5])
----train_model(--labels---- tensor([7, 3, 2, 2, 2, 0, 5, 2, 3, 5, 3, 7, 4, 7, 1, 9, 2, 7, 6, 8, 6, 3, 2, 3,
        9, 2, 1, 0, 4, 2, 6, 8, 8, 5, 5, 7, 7, 3, 1, 9, 2, 6, 4, 8, 4, 7, 1, 6,
        5, 2])
----train_model(--labels---- tensor([7, 7, 8, 3, 3, 1, 3, 7, 8, 9, 9, 7, 3, 9, 4, 1, 4, 2, 2, 7, 7, 4, 0, 1,
        3, 5, 0, 0, 9, 1, 1, 9, 4, 7, 5, 8, 2, 3, 1, 2, 9, 7, 7, 6, 4, 9, 7, 9,
        0, 7])
----train_model(--labels---- tensor([2, 1, 0, 9, 9, 1, 7, 6, 5, 8, 8, 4, 8, 3, 9, 1, 8, 2, 9, 7, 7, 8, 4, 5,
        5, 1, 8, 4, 0, 9, 2, 8, 5, 8, 3, 1, 5, 8, 7, 4, 2, 2, 9, 0, 8, 3, 4, 6,
        6, 3])
----train_model(--labels---- tensor([1, 0, 9, 4, 7, 6, 3, 6, 4, 8, 5, 7, 4, 4, 3, 0, 8, 5, 0, 6, 7, 6, 5, 9,
        3, 4, 2, 4, 9, 4, 0, 8, 1, 1, 5, 2, 1, 4, 5, 0, 7, 6, 2, 5, 0, 4, 1, 6,
        0, 1])
----train_model(--labels---- tensor([9, 6, 8, 8, 1, 5, 1, 3, 1, 2, 0, 3, 2, 4, 5, 5, 9, 2, 1, 0, 9, 4, 8, 6,
        8, 7, 1, 0, 8, 8, 1, 7, 8, 0, 8, 0, 7, 7, 0, 7, 7, 2, 1, 0, 6, 4, 5, 4,
        7, 0])
----train_model(--labels---- tensor([7, 4, 9, 4, 9, 3, 4, 3, 1, 3, 4, 2, 0, 2, 5, 1, 1, 0, 1, 7, 0, 0, 1, 1,
        5, 4, 7, 1, 7, 7, 5, 1, 8, 7, 3, 7, 4, 4, 6, 8, 2, 2, 3, 3, 1, 2, 3, 3,
        4, 0])
----train_model(--labels---- tensor([1, 4, 5, 8, 6, 5, 0, 5, 4, 9, 7, 9, 5, 6, 9, 6, 3, 5, 4, 4, 3, 9, 5, 5,
        8, 2, 4, 5, 7, 1, 6, 5, 2, 0, 3, 8, 1, 6, 8, 0, 9, 4, 6, 1, 7, 6, 5, 0,
        5, 1])
----train_model(--labels---- tensor([5, 7, 3, 5, 6, 2, 2, 7, 5, 8, 3, 8, 4, 1, 0, 8, 6, 9, 0, 8, 2, 6, 4, 3,
        8, 8, 1, 0, 8, 1, 1, 7, 6, 5, 3, 5, 3, 5, 1, 6, 6, 1, 8, 0, 2, 1, 0, 6,
        9, 5])
----train_model(--labels---- tensor([0, 8, 9, 7, 8, 6, 0, 7, 5, 1, 5, 8, 5, 0, 2, 9, 5, 5, 1, 6, 3, 4, 5, 8,
        3, 7, 4, 2, 1, 2, 4, 1, 2, 7, 6, 9, 2, 8, 6, 1, 6, 3, 1, 7, 2, 8, 7, 2,
        3, 3])
----train_model(--labels---- tensor([3, 1, 3, 2, 8, 2, 1, 8, 2, 5, 0, 4, 5, 8, 3, 0, 5, 4, 4, 4, 8, 9, 4, 7,
        2, 9, 5, 4, 8, 2, 3, 9, 8, 5, 7, 0, 0, 1, 5, 4, 7, 4, 1, 3, 1, 5, 8, 5,
        1, 6])
----train_model(--labels---- tensor([0, 1, 1, 9, 5, 2, 6, 3, 4, 7, 7, 7, 4, 2, 5, 5, 0, 7, 0, 6, 8, 8, 8, 4,
        5, 9, 8, 1, 3, 5, 5, 0, 7, 4, 1, 1, 7, 1, 4, 9, 9, 7, 5, 4, 3, 2, 0, 7,
        6, 6])
----train_model(--labels---- tensor([8, 7, 4, 7, 7, 9, 6, 1, 5, 4, 9, 8, 8, 6, 5, 9, 3, 3, 6, 9, 2, 4, 0, 9,
        1, 1, 6, 5, 1, 9, 7, 8, 9, 6, 9, 9, 6, 5, 9, 1, 0, 0, 3, 9, 7, 8, 3, 6,
        8, 6])
----train_model(--labels---- tensor([0, 5, 1, 1, 7, 4, 9, 0, 5, 9, 2, 0, 4, 4, 9, 8, 2, 4, 4, 2, 3, 6, 6, 6,
        6, 9, 7, 0, 5, 0, 7, 7, 2, 4, 4, 3, 8, 6, 0, 1, 8, 2, 5, 1, 7, 8, 9, 8,
        6, 3])
----train_model(--labels---- tensor([0, 1, 9, 2, 8, 5, 2, 2, 3, 8, 8, 8, 8, 3, 1, 3, 6, 9, 5, 8, 9, 4, 9, 7,
        7, 3, 7, 2, 8, 6, 6, 7, 3, 4, 3, 8, 7, 2, 7, 1, 6, 0, 3, 7, 2, 0, 3, 7,
        6, 9])
----train_model(--labels---- tensor([7, 9, 6, 2, 6, 9, 8, 4, 7, 4, 7, 4, 0, 4, 4, 6, 4, 4, 5, 7, 0, 9, 5, 7,
        7, 3, 4, 5, 6, 6, 0, 3, 8, 9, 4, 0, 5, 4, 5, 5, 2, 1, 0, 4, 9, 2, 6, 5,
        4, 5])
----train_model(--labels---- tensor([2, 1, 5, 4, 7, 6, 6, 0, 5, 5, 6, 2, 7, 6, 1, 8, 8, 1, 8, 6, 1, 4, 5, 3,
        5, 4, 2, 2, 7, 0, 0, 7, 7, 6, 0, 3, 6, 7, 3, 7, 5, 8, 6, 3, 9, 7, 7, 9,
        0, 0])
----train_model(--labels---- tensor([1, 8, 6, 3, 1, 9, 7, 0, 5, 5, 4, 4, 6, 5, 3, 7, 4, 9, 0, 2, 0, 4, 2, 2,
        5, 9, 8, 5, 6, 2, 2, 2, 6, 6, 8, 4, 0, 9, 1, 2, 5, 8, 7, 9, 4, 0, 2, 0,
        0, 2])
----train_model(--labels---- tensor([8, 1, 0, 4, 4, 2, 7, 8, 8, 1, 5, 8, 3, 2, 2, 3, 3, 3, 7, 4, 7, 3, 6, 7,
        0, 0, 4, 3, 0, 5, 4, 3, 3, 7, 1, 9, 7, 9, 8, 5, 4, 6, 3, 7, 0, 5, 3, 5,
        9, 2])
----train_model(--labels---- tensor([7, 9, 9, 8, 1, 5, 3, 6, 8, 7, 9, 3, 0, 8, 5, 0, 0, 5, 4, 8, 5, 0, 3, 8,
        4, 6, 0, 9, 4, 9, 1, 2, 6, 0, 0, 8, 2, 5, 2, 1, 5, 5, 4, 7, 4, 4, 1, 3,
        5, 6])
----train_model(--labels---- tensor([8, 0, 4, 6, 6, 2, 0, 9, 7, 4, 8, 3, 1, 4, 1, 3, 5, 9, 3, 6, 7, 7, 2, 4,
        8, 4, 7, 2, 7, 6, 0, 5, 7, 4, 2, 0, 4, 0, 8, 2, 4, 0, 8, 1, 9, 6, 3, 3,
        6, 4])
----train_model(--labels---- tensor([3, 3, 8, 9, 4, 0, 1, 9, 4, 2, 6, 1, 4, 4, 2, 7, 2, 2, 9, 0, 2, 1, 8, 6,
        0, 3, 2, 7, 5, 1, 9, 9, 1, 6, 2, 3, 5, 1, 8, 0, 0, 3, 4, 8, 4, 7, 9, 1,
        3, 7])
----train_model(--labels---- tensor([2, 1, 3, 1, 5, 4, 9, 8, 3, 8, 5, 6, 5, 9, 0, 5, 3, 8, 7, 4, 4, 1, 9, 4,
        7, 8, 0, 9, 7, 5, 0, 7, 8, 4, 6, 4, 8, 6, 1, 1, 0, 7, 7, 2, 7, 6, 0, 5,
        4, 1])
----train_model(--labels---- tensor([2, 4, 2, 6, 8, 8, 4, 0, 2, 7, 0, 4, 3, 2, 1, 0, 0, 0, 7, 4, 9, 5, 6, 2,
        3, 1, 2, 1, 0, 6, 4, 4, 0, 2, 4, 8, 8, 4, 0, 8, 4, 8, 4, 0, 3, 5, 6, 5,
        0, 5])
----train_model(--labels---- tensor([9, 8, 8, 2, 2, 4, 5, 2, 5, 4, 5, 2, 2, 3, 3, 4, 7, 7, 4, 5, 6, 4, 8, 7,
        8, 2, 5, 2, 3, 6, 7, 5, 7, 9, 8, 2, 1, 0, 3, 9, 9, 9, 5, 5, 1, 0, 8, 6,
        8, 2])
----train_model(--labels---- tensor([0, 5, 9, 9, 5, 9, 8, 0, 5, 1, 0, 0, 8, 2, 9, 7, 4, 1, 9, 2, 1, 0, 4, 0,
        1, 4, 8, 3, 5, 0, 1, 2, 0, 0, 2, 0, 5, 4, 8, 6, 0, 1, 6, 0, 4, 6, 7, 6,
        0, 3])
----train_model(--labels---- tensor([9, 8, 7, 9, 0, 6, 2, 4, 3, 6, 1, 4, 6, 2, 6, 7, 5, 7, 8, 9, 1, 8, 8, 2,
        4, 8, 1, 7, 6, 4, 5, 1, 6, 4, 5, 2, 5, 1, 3, 5, 4, 0, 1, 2, 8, 8, 1, 5,
        4, 8])
----train_model(--labels---- tensor([4, 3, 4, 2, 4, 0, 9, 6, 2, 6, 0, 4, 5, 7, 9, 8, 1, 3, 1, 5, 7, 7, 9, 4,
        1, 4, 1, 0, 0, 9, 7, 6, 2, 3, 6, 0, 0, 7, 2, 0, 1, 0, 4, 1, 3, 0, 5, 5,
        9, 6])
----train_model(--labels---- tensor([4, 4, 6, 9, 6, 4, 4, 9, 7, 4, 7, 4, 1, 7, 6, 9, 7, 2, 2, 2, 9, 0, 3, 5,
        0, 5, 5, 1, 8, 8, 7, 2, 1, 2, 4, 2, 4, 5, 4, 0, 8, 2, 0, 1, 8, 8, 9, 6,
        7, 0])
----train_model(--labels---- tensor([1, 3, 1, 9, 8, 4, 9, 4, 7, 1, 7, 7, 5, 2, 2, 0, 4, 1, 5, 7, 3, 2, 2, 6,
        5, 8, 3, 0, 7, 4, 0, 9, 6, 1, 8, 5, 0, 9, 6, 6, 9, 2, 5, 4, 2, 6, 2, 1,
        3, 4])
----train_model(--labels---- tensor([2, 9, 4, 3, 9, 0, 8, 5, 3, 4, 6, 5, 1, 5, 8, 3, 2, 2, 9, 8, 4, 6, 8, 5,
        9, 8, 2, 0, 2, 4, 7, 2, 2, 5, 0, 6, 6, 4, 7, 0, 6, 8, 4, 6, 3, 4, 7, 2,
        9, 2])
----train_model(--labels---- tensor([9, 4, 7, 3, 3, 1, 5, 0, 8, 0, 4, 8, 3, 1, 9, 8, 2, 4, 3, 6, 5, 1, 7, 7,
        3, 6, 3, 2, 6, 1, 1, 9, 5, 4, 5, 4, 5, 5, 0, 1, 5, 2, 6, 7, 7, 9, 7, 7,
        9, 6])
----train_model(--labels---- tensor([6, 1, 8, 7, 7, 0, 9, 5, 2, 8, 6, 3, 5, 8, 0, 9, 6, 5, 7, 0, 4, 2, 7, 0,
        3, 8, 9, 3, 5, 2, 2, 5, 3, 0, 1, 2, 0, 7, 9, 8, 2, 9, 1, 2, 2, 8, 9, 9,
        9, 6])
----train_model(--labels---- tensor([8, 5, 5, 3, 0, 6, 3, 7, 2, 0, 0, 9, 4, 7, 0, 5, 3, 0, 2, 6, 0, 7, 8, 7,
        7, 8, 6, 0, 6, 7, 3, 5, 5, 3, 3, 3, 4, 6, 9, 8, 1, 0, 3, 4, 3, 1, 2, 4,
        1, 6])
----train_model(--labels---- tensor([2, 0, 9, 5, 8, 8, 3, 5, 1, 4, 9, 5, 3, 7, 9, 1, 5, 0, 3, 9, 9, 2, 7, 6,
        8, 3, 1, 1, 7, 8, 2, 6, 3, 3, 2, 7, 8, 5, 6, 2, 1, 9, 4, 9, 8, 0, 3, 7,
        9, 6])
----train_model(--labels---- tensor([8, 8, 6, 6, 4, 5, 9, 4, 8, 1, 5, 0, 1, 0, 3, 6, 8, 5, 7, 5, 2, 3, 8, 3,
        6, 3, 7, 8, 5, 7, 0, 3, 0, 3, 4, 2, 6, 2, 9, 4, 6, 8, 2, 7, 0, 1, 5, 5,
        2, 0])
----train_model(--labels---- tensor([2, 9, 7, 1, 9, 2, 9, 4, 9, 8, 6, 8, 5, 4, 1, 9, 3, 8, 0, 3, 6, 7, 4, 3,
        5, 2, 0, 1, 9, 1, 0, 0, 4, 7, 5, 0, 3, 5, 7, 2, 1, 4, 4, 2, 3, 7, 1, 4,
        7, 5])
----train_model(--labels---- tensor([8, 8, 7, 8, 8, 7, 6, 4, 8, 3, 4, 3, 5, 5, 4, 7, 0, 1, 2, 2, 9, 9, 5, 0,
        3, 0, 0, 5, 1, 8, 8, 4, 1, 3, 2, 3, 9, 6, 4, 7, 3, 3, 6, 6, 7, 8, 1, 5,
        3, 4])
----train_model(--labels---- tensor([2, 1, 5, 0, 0, 2, 3, 6, 0, 6, 4, 4, 7, 1, 9, 7, 6, 9, 9, 2, 7, 2, 4, 0,
        0, 8, 6, 2, 6, 1, 1, 4, 8, 6, 4, 7, 3, 0, 0, 1, 4, 5, 4, 3, 2, 1, 3, 4,
        4, 9])
----train_model(--labels---- tensor([1, 9, 7, 6, 8, 9, 2, 9, 6, 9, 7, 6, 5, 8, 0, 9, 1, 9, 2, 7, 6, 1, 7, 9,
        7, 0, 3, 5, 4, 8, 5, 9, 1, 6, 3, 2, 1, 4, 6, 9, 3, 4, 7, 1, 4, 1, 0, 2,
        5, 8])
----train_model(--labels---- tensor([9, 2, 5, 9, 7, 5, 3, 4, 3, 9, 8, 8, 7, 8, 4, 7, 5, 4, 0, 6, 1, 2, 9, 4,
        6, 0, 0, 4, 8, 4, 7, 4, 8, 9, 3, 4, 9, 8, 4, 5, 5, 9, 5, 7, 9, 3, 6, 5,
        2, 2])
----train_model(--labels---- tensor([2, 7, 4, 3, 9, 0, 0, 3, 1, 7, 7, 4, 9, 7, 5, 3, 4, 2, 3, 7, 9, 3, 4, 4,
        4, 5, 7, 3, 8, 0, 2, 3, 8, 8, 3, 9, 0, 4, 5, 5, 5, 2, 2, 8, 4, 8, 9, 8,
        7, 7])
----train_model(--labels---- tensor([9, 4, 7, 7, 5, 3, 2, 1, 4, 6, 7, 0, 9, 9, 9, 2, 0, 7, 3, 2, 9, 4, 0, 8,
        5, 8, 3, 0, 5, 1, 1, 9, 0, 5, 9, 6, 7, 7, 4, 5, 8, 9, 3, 7, 1, 0, 6, 7,
        5, 5])
----train_model(--labels---- tensor([9, 7, 6, 1, 6, 3, 9, 9, 0, 8, 5, 0, 3, 9, 9, 9, 6, 9, 8, 5, 0, 6, 6, 2,
        8, 3, 6, 9, 8, 5, 6, 4, 3, 0, 5, 5, 2, 7, 4, 6, 3, 5, 6, 1, 5, 4, 4, 8,
        3, 4])
----train_model(--labels---- tensor([2, 1, 4, 0, 2, 1, 4, 6, 2, 2, 6, 2, 4, 5, 4, 0, 6, 6, 7, 7, 1, 8, 6, 5,
        8, 5, 3, 7, 0, 5, 5, 4, 9, 7, 2, 5, 5, 9, 3, 1, 2, 8, 7, 7, 0, 3, 3, 8,
        2, 3])
----train_model(--labels---- tensor([6, 2, 1, 4, 4, 3, 3, 4, 3, 1, 7, 9, 6, 9, 6, 1, 8, 6, 1, 7, 0, 6, 2, 9,
        2, 0, 2, 8, 1, 7, 8, 3, 5, 6, 0, 4, 3, 6, 4, 9, 8, 8, 1, 2, 1, 5, 0, 6,
        0, 8])
----train_model(--labels---- tensor([3, 0, 2, 8, 4, 5, 2, 7, 1, 5, 4, 5, 4, 1, 8, 2, 0, 7, 9, 3, 3, 8, 1, 7,
        6, 6, 7, 7, 7, 0, 7, 5, 8, 8, 6, 7, 8, 5, 6, 9, 9, 0, 5, 5, 8, 3, 6, 9,
        9, 0])
----train_model(--labels---- tensor([6, 4, 5, 3, 6, 8, 8, 8, 9, 7, 0, 9, 1, 2, 9, 2, 5, 8, 2, 7, 7, 8, 8, 9,
        8, 2, 3, 0, 1, 3, 1, 7, 6, 7, 0, 2, 9, 5, 2, 5, 1, 3, 5, 6, 7, 7, 8, 8,
        1, 7])
----train_model(--labels---- tensor([0, 1, 2, 9, 9, 0, 4, 3, 9, 8, 3, 9, 1, 8, 8, 6, 8, 3, 1, 0, 7, 8, 8, 5,
        0, 6, 3, 5, 8, 2, 9, 0, 9, 6, 3, 6, 0, 9, 1, 4, 7, 3, 9, 5, 4, 3, 2, 4,
        1, 4])
----train_model(--labels---- tensor([8, 3, 2, 6, 3, 0, 1, 6, 7, 2, 4, 8, 1, 5, 2, 8, 0, 6, 5, 9, 0, 8, 5, 6,
        1, 6, 3, 1, 0, 2, 1, 0, 1, 7, 9, 7, 8, 4, 8, 9, 8, 9, 6, 7, 9, 0, 4, 4,
        9, 7])
----train_model(--labels---- tensor([1, 1, 3, 7, 4, 9, 0, 0, 1, 8, 0, 5, 9, 8, 5, 5, 5, 3, 1, 2, 8, 3, 9, 7,
        0, 5, 6, 3, 6, 4, 6, 4, 9, 8, 0, 0, 7, 8, 8, 5, 2, 1, 2, 7, 3, 4, 0, 9,
        7, 2])
----train_model(--labels---- tensor([3, 7, 0, 4, 5, 3, 0, 9, 3, 1, 8, 5, 1, 0, 4, 5, 0, 1, 0, 4, 5, 6, 7, 3,
        3, 4, 0, 5, 7, 1, 9, 5, 2, 5, 9, 0, 8, 7, 6, 5, 7, 0, 9, 7, 6, 5, 6, 1,
        5, 0])
----train_model(--labels---- tensor([9, 1, 7, 9, 9, 0, 0, 5, 9, 2, 9, 1, 6, 6, 6, 3, 9, 5, 1, 7, 7, 5, 0, 8,
        0, 5, 3, 9, 5, 2, 0, 0, 7, 4, 2, 2, 5, 5, 2, 3, 8, 9, 3, 7, 5, 8, 8, 5,
        6, 2])
----train_model(--labels---- tensor([2, 3, 4, 7, 4, 7, 7, 2, 9, 5, 6, 1, 3, 9, 1, 3, 5, 3, 0, 5, 9, 5, 9, 8,
        2, 3, 7, 3, 2, 6, 1, 9, 8, 8, 6, 2, 8, 6, 1, 5, 5, 9, 0, 0, 3, 5, 2, 1,
        5, 3])
----train_model(--labels---- tensor([6, 7, 5, 6, 3, 9, 0, 3, 9, 9, 6, 3, 7, 6, 9, 7, 9, 7, 0, 7, 3, 3, 0, 2,
        0, 9, 0, 7, 7, 9, 5, 7, 1, 5, 0, 2, 4, 7, 3, 3, 3, 6, 8, 8, 5, 8, 2, 6,
        7, 4])
----train_model(--labels---- tensor([2, 1, 6, 1, 0, 5, 8, 5, 9, 0, 8, 8, 4, 2, 9, 8, 8, 7, 6, 9, 8, 5, 3, 5,
        9, 6, 4, 6, 4, 5, 6, 8, 5, 7, 9, 8, 5, 8, 0, 0, 7, 9, 5, 7, 8, 1, 8, 4,
        6, 7])
----train_model(--labels---- tensor([5, 9, 5, 1, 0, 6, 4, 9, 0, 9, 2, 9, 8, 0, 0, 9, 5, 6, 6, 0, 3, 3, 5, 9,
        1, 8, 1, 5, 5, 3, 2, 6, 5, 0, 3, 8, 1, 5, 5, 8, 5, 7, 1, 9, 1, 9, 4, 3,
        5, 0])
----train_model(--labels---- tensor([1, 9, 1, 7, 6, 8, 8, 8, 0, 0, 7, 5, 0, 6, 7, 4, 2, 4, 4, 9, 6, 4, 1, 5,
        6, 9, 3, 1, 8, 3, 0, 7, 4, 3, 8, 9, 0, 1, 8, 0, 6, 7, 9, 6, 0, 3, 6, 7,
        4, 4])
----train_model(--labels---- tensor([2, 2, 4, 5, 5, 0, 7, 8, 8, 7, 5, 1, 9, 1, 5, 1, 7, 6, 3, 1, 5, 4, 3, 8,
        8, 7, 9, 5, 3, 1, 5, 7, 0, 7, 0, 7, 3, 2, 2, 8, 0, 8, 1, 4, 0, 5, 7, 5,
        2, 4])
----train_model(--labels---- tensor([4, 1, 4, 7, 5, 8, 5, 0, 1, 4, 2, 0, 6, 8, 3, 3, 3, 6, 7, 9, 1, 6, 2, 5,
        5, 5, 0, 9, 5, 3, 9, 2, 7, 9, 0, 8, 0, 5, 8, 5, 4, 8, 2, 7, 7, 8, 9, 4,
        1, 9])
----train_model(--labels---- tensor([8, 4, 8, 0, 2, 5, 9, 3, 8, 2, 7, 9, 3, 1, 5, 8, 0, 8, 8, 5, 9, 5, 9, 0,
        7, 3, 1, 9, 1, 5, 6, 0, 1, 6, 4, 4, 7, 7, 3, 4, 1, 6, 3, 1, 0, 2, 4, 9,
        3, 2])
----train_model(--labels---- tensor([7, 7, 8, 6, 5, 2, 5, 9, 8, 0, 8, 8, 3, 5, 6, 0, 6, 8, 1, 3, 5, 6, 8, 4,
        1, 5, 0, 8, 4, 3, 3, 7, 5, 1, 5, 7, 9, 8, 8, 4, 5, 9, 0, 9, 8, 1, 6, 4,
        0, 7])
----train_model(--labels---- tensor([1, 8, 6, 5, 2, 1, 8, 0, 5, 0, 9, 8, 7, 3, 6, 1, 5, 0, 6, 2, 7, 9, 5, 2,
        9, 1, 5, 0, 5, 5, 8, 2, 2, 3, 4, 1, 9, 1, 7, 9, 9, 1, 2, 1, 7, 5, 6, 2,
        0, 4])
----train_model(--labels---- tensor([3, 9, 5, 7, 7, 2, 9, 4, 9, 2, 6, 4, 6, 4, 9, 2, 6, 1, 8, 9, 0, 9, 2, 2,
        3, 9, 5, 4, 8, 7, 0, 6, 3, 9, 4, 0, 1, 5, 2, 6, 0, 5, 0, 0, 6, 6, 1, 9,
        2, 4])
----train_model(--labels---- tensor([6, 6, 1, 3, 6, 6, 0, 8, 3, 0, 5, 3, 3, 9, 0, 4, 4, 1, 7, 5, 6, 4, 3, 1,
        1, 8, 2, 3, 3, 4, 5, 9, 2, 6, 1, 6, 7, 3, 4, 9, 6, 5, 6, 3, 4, 0, 8, 2,
        3, 7])
----train_model(--labels---- tensor([4, 1, 9, 2, 2, 7, 6, 0, 5, 4, 8, 2, 0, 8, 1, 7, 2, 9, 9, 8, 2, 1, 8, 8,
        0, 3, 6, 8, 1, 8, 8, 2, 0, 6, 5, 8, 6, 0, 3, 8, 5, 4, 8, 5, 4, 1, 2, 8,
        6, 0])
----train_model(--labels---- tensor([7, 9, 7, 1, 6, 7, 4, 7, 5, 3, 5, 7, 3, 1, 9, 1, 9, 2, 9, 7, 0, 0, 9, 1,
        6, 4, 2, 0, 1, 3, 4, 6, 6, 3, 7, 2, 1, 6, 5, 2, 9, 0, 8, 0, 2, 8, 4, 6,
        0, 1])
----train_model(--labels---- tensor([7, 1, 7, 8, 1, 9, 4, 9, 8, 9, 4, 9, 1, 0, 3, 1, 4, 1, 8, 3, 3, 8, 9, 1,
        0, 4, 5, 2, 3, 0, 5, 5, 1, 7, 9, 6, 5, 7, 4, 9, 0, 9, 9, 9, 0, 3, 2, 3,
        5, 8])
----train_model(--labels---- tensor([9, 5, 1, 9, 0, 8, 6, 0, 1, 4, 7, 3, 8, 1, 9, 6, 7, 9, 7, 3, 7, 4, 9, 9,
        7, 5, 5, 4, 8, 1, 5, 0, 9, 8, 2, 8, 7, 1, 8, 0, 3, 4, 3, 6, 3, 1, 1, 0,
        0, 8])
----train_model(--labels---- tensor([3, 1, 9, 8, 9, 3, 0, 7, 7, 6, 7, 2, 6, 2, 1, 8, 4, 7, 8, 9, 7, 1, 8, 9,
        6, 6, 0, 6, 8, 4, 7, 0, 7, 2, 9, 2, 7, 3, 2, 5, 1, 3, 0, 5, 3, 2, 8, 0,
        8, 3])
----train_model(--labels---- tensor([2, 2, 1, 0, 5, 6, 9, 2, 0, 6, 5, 7, 6, 7, 7, 0, 1, 2, 6, 6, 6, 1, 5, 9,
        3, 4, 3, 5, 4, 7, 2, 9, 7, 7, 3, 3, 1, 9, 4, 7, 9, 7, 7, 2, 2, 7, 5, 0,
        1, 5])
----train_model(--labels---- tensor([4, 4, 6, 1, 3, 6, 5, 5, 0, 4, 1, 5, 5, 4, 8, 8, 1, 5, 7, 0, 9, 7, 9, 4,
        7, 6, 5, 1, 6, 2, 2, 1, 2, 1, 2, 4, 5, 0, 1, 1, 0, 1, 4, 8, 1, 1, 8, 0,
        9, 8])
----train_model(--labels---- tensor([4, 6, 0, 5, 0, 5, 1, 7, 4, 1, 1, 2, 3, 5, 2, 7, 6, 7, 6, 3, 4, 8, 7, 1,
        6, 4, 9, 3, 0, 0, 1, 9, 9, 9, 5, 8, 2, 0, 0, 4, 0, 2, 3, 4, 1, 0, 7, 4,
        2, 9])
----train_model(--labels---- tensor([4, 5, 5, 7, 0, 8, 6, 4, 4, 7, 6, 2, 0, 5, 6, 9, 3, 7, 9, 0, 4, 5, 5, 6,
        3, 8, 4, 0, 6, 0, 3, 9, 7, 4, 8, 3, 9, 0, 0, 6, 1, 3, 0, 7, 9, 9, 2, 7,
        2, 8])
----train_model(--labels---- tensor([4, 1, 0, 2, 2, 1, 7, 2, 7, 5, 9, 4, 5, 5, 8, 9, 8, 2, 5, 9, 8, 4, 5, 2,
        8, 9, 2, 5, 4, 8, 2, 8, 0, 1, 6, 7, 1, 6, 3, 0, 0, 2, 5, 5, 7, 7, 9, 6,
        0, 0])
----train_model(--labels---- tensor([6, 7, 8, 6, 8, 0, 9, 6, 9, 0, 9, 2, 0, 6, 7, 9, 6, 7, 7, 4, 4, 6, 6, 3,
        2, 1, 6, 1, 2, 9, 5, 4, 7, 3, 9, 3, 5, 0, 2, 4, 7, 5, 5, 7, 7, 7, 9, 8,
        2, 6])
----train_model(--labels---- tensor([7, 4, 3, 0, 7, 1, 9, 0, 5, 7, 0, 7, 0, 6, 9, 3, 0, 7, 5, 4, 2, 0, 0, 3,
        4, 3, 9, 7, 2, 4, 5, 5, 2, 8, 8, 1, 3, 8, 9, 1, 7, 2, 6, 0, 0, 6, 2, 9,
        7, 0])
----train_model(--labels---- tensor([5, 9, 7, 1, 5, 9, 5, 6, 1, 5, 5, 7, 7, 7, 9, 0, 8, 5, 7, 2, 8, 8, 4, 0,
        2, 1, 5, 6, 5, 7, 4, 0, 1, 1, 3, 7, 5, 4, 1, 1, 6, 5, 0, 9, 5, 9, 9, 3,
        8, 7])
----train_model(--labels---- tensor([9, 9, 2, 5, 2, 6, 4, 9, 0, 7, 4, 0, 5, 7, 7, 8, 2, 1, 6, 5, 6, 9, 7, 3,
        7, 6, 4, 8, 9, 7, 6, 9, 6, 8, 0, 2, 0, 5, 0, 8, 7, 5, 9, 7, 3, 9, 0, 2,
        3, 1])
----train_model(--labels---- tensor([7, 4, 9, 3, 1, 5, 6, 9, 0, 4, 2, 0, 8, 5, 0, 8, 8, 1, 9, 8, 7, 2, 1, 9,
        7, 3, 2, 0, 3, 2, 8, 1, 7, 5, 1, 0, 7, 3, 5, 4, 1, 4, 0, 9, 0, 5, 3, 0,
        4, 9])
----train_model(--labels---- tensor([1, 2, 0, 1, 4, 5, 4, 3, 2, 4, 2, 5, 0, 4, 6, 1, 3, 0, 0, 9, 7, 1, 6, 9,
        3, 2, 2, 3, 6, 3, 1, 5, 1, 5, 8, 6, 3, 6, 7, 6, 3, 8, 7, 6, 2, 0, 3, 3,
        7, 0])
----train_model(--labels---- tensor([7, 9, 4, 8, 5, 2, 0, 5, 1, 4, 3, 8, 2, 8, 5, 8, 1, 4, 4, 9, 7, 6, 0, 2,
        7, 8, 9, 5, 3, 4, 9, 5, 8, 9, 4, 6, 4, 2, 4, 8, 2, 5, 2, 1, 0, 4, 7, 1,
        7, 9])
----train_model(--labels---- tensor([6, 6, 3, 3, 5, 3, 9, 6, 2, 1, 4, 8, 3, 6, 2, 2, 8, 5, 2, 4, 4, 2, 2, 9,
        9, 4, 7, 5, 0, 5, 5, 9, 5, 5, 3, 4, 0, 9, 1, 7, 6, 7, 5, 4, 9, 3, 4, 6,
        3, 1])
----train_model(--labels---- tensor([6, 2, 9, 5, 3, 7, 3, 1, 0, 8, 1, 1, 3, 3, 8, 1, 7, 5, 1, 9, 6, 9, 5, 2,
        3, 0, 1, 1, 9, 6, 1, 8, 9, 1, 8, 1, 9, 2, 0, 2, 2, 8, 3, 3, 2, 3, 9, 7,
        5, 3])
----train_model(--labels---- tensor([5, 1, 9, 2, 5, 4, 7, 4, 8, 1, 2, 1, 0, 9, 4, 0, 1, 1, 6, 6, 7, 5, 2, 9,
        3, 3, 9, 3, 2, 3, 3, 1, 0, 2, 7, 0, 0, 5, 9, 0, 6, 4, 1, 7, 2, 8, 5, 3,
        4, 9])
----train_model(--labels---- tensor([1, 6, 9, 6, 5, 7, 5, 2, 9, 2, 9, 0, 0, 6, 5, 6, 0, 3, 0, 0, 4, 6, 5, 7,
        3, 2, 6, 8, 2, 9, 9, 0, 9, 9, 3, 1, 3, 5, 6, 3, 3, 8, 2, 0, 7, 3, 7, 9,
        6, 8])
----train_model(--labels---- tensor([9, 4, 0, 5, 6, 7, 9, 3, 1, 4, 8, 2, 3, 9, 4, 2, 7, 4, 8, 0, 8, 3, 8, 9,
        1, 3, 3, 6, 4, 7, 9, 6, 4, 1, 5, 3, 6, 5, 8, 2, 6, 7, 6, 8, 4, 8, 8, 3,
        9, 9])
----train_model(--labels---- tensor([5, 7, 2, 7, 2, 4, 9, 3, 4, 6, 7, 7, 3, 9, 6, 0, 9, 1, 1, 6, 5, 6, 9, 7,
        8, 0, 4, 5, 3, 0, 3, 4, 8, 8, 8, 3, 0, 5, 2, 4, 6, 4, 2, 3, 5, 0, 2, 6,
        4, 3])
----train_model(--labels---- tensor([5, 3, 3, 6, 8, 4, 8, 6, 2, 0, 7, 5, 0, 8, 4, 9, 1, 9, 9, 4, 1, 6, 3, 7,
        7, 9, 2, 6, 5, 8, 4, 5, 7, 3, 8, 5, 4, 3, 8, 6, 9, 5, 6, 0, 3, 5, 8, 1,
        4, 2])
----train_model(--labels---- tensor([5, 1, 9, 1, 3, 3, 5, 9, 1, 5, 1, 0, 5, 6, 3, 0, 4, 4, 7, 5, 6, 3, 3, 6,
        8, 9, 7, 2, 5, 6, 7, 7, 6, 8, 9, 2, 3, 6, 4, 8, 3, 2, 3, 0, 3, 3, 1, 8,
        7, 4])
----train_model(--labels---- tensor([7, 1, 3, 6, 2, 9, 9, 3, 6, 2, 2, 7, 8, 9, 8, 1, 7, 7, 2, 3, 4, 7, 3, 0,
        0, 5, 9, 3, 5, 0, 8, 0, 5, 1, 2, 2, 3, 8, 6, 3, 6, 8, 1, 4, 9, 4, 5, 7,
        2, 6])
----train_model(--labels---- tensor([4, 2, 2, 7, 6, 2, 3, 1, 1, 2, 0, 2, 1, 8, 6, 6, 4, 6, 1, 4, 6, 9, 5, 9,
        1, 3, 4, 6, 1, 0, 0, 8, 7, 2, 0, 1, 8, 0, 5, 1, 8, 7, 7, 5, 1, 6, 0, 7,
        8, 2])
----train_model(--labels---- tensor([1, 2, 7, 6, 3, 9, 2, 3, 1, 6, 4, 1, 2, 8, 1, 9, 7, 0, 2, 5, 1, 5, 5, 5,
        9, 0, 9, 9, 3, 4, 3, 2, 8, 5, 8, 6, 2, 7, 7, 4, 0, 3, 4, 1, 2, 7, 5, 7,
        6, 2])
----train_model(--labels---- tensor([0, 1, 6, 7, 5, 6, 9, 6, 8, 6, 6, 8, 3, 3, 3, 5, 1, 0, 8, 9, 7, 4, 3, 2,
        8, 1, 3, 2, 0, 1, 3, 9, 7, 8, 7, 5, 1, 3, 6, 8, 0, 4, 0, 9, 7, 7, 0, 9,
        4, 2])
----train_model(--labels---- tensor([3, 7, 6, 6, 9, 3, 4, 9, 1, 6, 0, 8, 1, 0, 8, 9, 4, 2, 2, 9, 5, 0, 9, 5,
        8, 1, 3, 6, 1, 2, 8, 7, 8, 5, 3, 8, 7, 3, 3, 1, 3, 2, 6, 0, 7, 7, 4, 7,
        1, 8])
----train_model(--labels---- tensor([0, 6, 7, 5, 8, 0, 1, 6, 6, 7, 7, 8, 9, 3, 4, 5, 3, 4, 5, 8, 2, 9, 0, 8,
        4, 1, 6, 4, 2, 2, 1, 4, 6, 4, 9, 3, 2, 7, 3, 3, 8, 8, 8, 3, 0, 6, 9, 0,
        2, 5])
----train_model(--labels---- tensor([1, 1, 9, 1, 3, 8, 2, 8, 9, 5, 6, 5, 7, 5, 6, 0, 6, 2, 0, 3, 2, 9, 3, 0,
        3, 5, 7, 2, 4, 5, 5, 6, 1, 6, 1, 7, 0, 9, 6, 1, 2, 9, 8, 9, 1, 8, 6, 0,
        3, 0])
----train_model(--labels---- tensor([9, 5, 7, 0, 6, 4, 5, 9, 9, 0, 8, 6, 2, 4, 4, 8, 0, 7, 8, 0, 8, 9, 6, 4,
        5, 0, 0, 2, 1, 5, 7, 7, 0, 1, 5, 0, 1, 5, 9, 9, 9, 2, 2, 7, 6, 5, 8, 5,
        2, 3])
----train_model(--labels---- tensor([5, 5, 6, 1, 0, 1, 9, 3, 2, 6, 9, 2, 0, 7, 0, 1, 4, 7, 5, 9, 6, 8, 5, 6,
        2, 3, 4, 5, 8, 1, 5, 3, 9, 5, 9, 6, 7, 8, 3, 4, 1, 2, 5, 9, 5, 5, 6, 6,
        2, 1])
----train_model(--labels---- tensor([9, 6, 3, 9, 1, 1, 4, 1, 0, 3, 4, 3, 1, 2, 9, 6, 8, 1, 2, 5, 7, 7, 1, 3,
        0, 1, 0, 2, 3, 1, 7, 3, 5, 2, 7, 4, 0, 2, 2, 5, 5, 8, 0, 0, 3, 1, 6, 3,
        4, 2])
----train_model(--labels---- tensor([8, 7, 2, 4, 0, 5, 4, 7, 4, 5, 0, 2, 9, 0, 1, 1, 4, 2, 9, 9, 8, 0, 2, 8,
        1, 0, 2, 5, 4, 4, 6, 0, 3, 5, 1, 5, 6, 7, 2, 4, 7, 1, 8, 4, 5, 3, 2, 5,
        1, 2])
----train_model(--labels---- tensor([0, 5, 3, 1, 7, 6, 9, 4, 5, 1, 2, 2, 0, 3, 4, 0, 0, 1, 9, 2, 3, 0, 4, 3,
        1, 4, 6, 6, 7, 0, 5, 1, 4, 1, 2, 4, 6, 0, 9, 7, 8, 4, 2, 3, 1, 9, 5, 5,
        7, 0])
----train_model(--labels---- tensor([9, 8, 2, 7, 0, 1, 2, 4, 2, 4, 5, 8, 2, 7, 1, 3, 3, 9, 4, 9, 6, 0, 7, 3,
        0, 5, 1, 9, 0, 4, 6, 1, 9, 2, 1, 6, 9, 6, 9, 2, 4, 2, 9, 3, 5, 0, 4, 2,
        7, 3])
----train_model(--labels---- tensor([1, 8, 7, 0, 9, 4, 7, 6, 9, 7, 4, 1, 8, 3, 3, 3, 0, 0, 5, 2, 7, 8, 0, 9,
        5, 7, 8, 6, 6, 1, 7, 9, 5, 1, 5, 4, 7, 5, 2, 7, 5, 9, 4, 7, 5, 3, 3, 2,
        9, 6])
----train_model(--labels---- tensor([6, 6, 6, 4, 5, 2, 4, 7, 9, 6, 9, 2, 4, 8, 9, 1, 9, 2, 0, 1, 6, 2, 1, 8,
        8, 0, 6, 4, 8, 0, 0, 3, 4, 9, 8, 9, 9, 1, 2, 0, 9, 6, 5, 9, 2, 1, 0, 4,
        2, 0])
----train_model(--labels---- tensor([6, 4, 3, 9, 6, 0, 7, 7, 8, 2, 0, 4, 7, 3, 6, 7, 8, 3, 7, 0, 0, 1, 8, 8,
        3, 8, 7, 1, 7, 9, 5, 6, 9, 8, 1, 0, 1, 9, 7, 5, 5, 5, 2, 3, 8, 8, 5, 3,
        5, 3])
----train_model(--labels---- tensor([8, 4, 1, 3, 3, 5, 8, 5, 3, 3, 0, 8, 7, 4, 9, 1, 3, 3, 5, 6, 5, 9, 3, 0,
        9, 0, 7, 8, 4, 8, 0, 2, 9, 4, 5, 5, 8, 6, 2, 9, 8, 3, 4, 4, 0, 0, 2, 7,
        1, 2])
----train_model(--labels---- tensor([7, 3, 7, 1, 6, 9, 6, 7, 3, 4, 1, 8, 6, 7, 8, 3, 3, 4, 2, 0, 7, 1, 8, 9,
        3, 4, 8, 8, 9, 3, 3, 6, 3, 2, 8, 9, 2, 0, 8, 4, 8, 5, 3, 6, 6, 6, 9, 4,
        1, 6])
----train_model(--labels---- tensor([6, 7, 7, 2, 2, 1, 1, 1, 4, 6, 8, 9, 3, 9, 9, 7, 1, 6, 9, 0, 2, 7, 2, 5,
        1, 9, 2, 2, 0, 6, 8, 8, 5, 5, 7, 9, 1, 2, 2, 5, 8, 7, 2, 0, 5, 4, 7, 8,
        7, 0])
----train_model(--labels---- tensor([9, 2, 4, 9, 6, 6, 0, 8, 7, 7, 4, 9, 4, 2, 1, 7, 6, 6, 5, 6, 4, 3, 6, 1,
        4, 2, 7, 1, 2, 3, 0, 2, 4, 5, 4, 5, 1, 5, 6, 5, 8, 4, 3, 6, 2, 2, 1, 8,
        1, 4])
----train_model(--labels---- tensor([7, 7, 5, 1, 5, 3, 2, 9, 0, 5, 4, 8, 8, 2, 6, 6, 7, 4, 8, 9, 0, 1, 0, 9,
        6, 5, 4, 2, 2, 9, 5, 6, 5, 8, 4, 7, 0, 2, 8, 8, 1, 0, 5, 8, 0, 0, 4, 0,
        8, 1])
----train_model(--labels---- tensor([3, 5, 6, 0, 1, 5, 8, 9, 3, 4, 0, 6, 2, 5, 6, 1, 6, 9, 4, 8, 5, 5, 6, 4,
        2, 1, 1, 4, 2, 9, 2, 9, 2, 7, 7, 6, 4, 9, 5, 5, 2, 5, 3, 5, 4, 8, 8, 8,
        0, 4])
----train_model(--labels---- tensor([3, 6, 5, 3, 0, 9, 6, 2, 3, 0, 6, 0, 8, 2, 3, 1, 6, 2, 5, 2, 7, 2, 9, 7,
        1, 4, 7, 1, 1, 4, 6, 1, 7, 2, 8, 4, 3, 3, 1, 9, 0, 6, 6, 6, 2, 9, 6, 2,
        1, 9])
----train_model(--labels---- tensor([3, 7, 9, 8, 9, 5, 7, 9, 7, 8, 3, 1, 9, 4, 4, 4, 1, 2, 4, 7, 3, 9, 8, 3,
        5, 3, 9, 6, 1, 8, 5, 3, 1, 7, 3, 1, 5, 9, 0, 8, 9, 4, 6, 2, 6, 5, 5, 0,
        8, 4])
----train_model(--labels---- tensor([1, 8, 0, 6, 6, 6, 0, 3, 0, 5, 5, 8, 9, 1, 6, 2, 6, 9, 8, 2, 4, 0, 0, 3,
        8, 0, 7, 7, 2, 2, 7, 6, 5, 5, 7, 6, 1, 7, 2, 1, 9, 7, 3, 6, 4, 5, 4, 7,
        2, 4])
----train_model(--labels---- tensor([6, 9, 6, 5, 7, 8, 3, 0, 0, 5, 7, 5, 9, 5, 0, 6, 8, 9, 1, 9, 8, 5, 0, 4,
        6, 8, 9, 3, 4, 7, 1, 7, 3, 1, 7, 0, 8, 4, 0, 7, 0, 8, 8, 9, 2, 8, 1, 2,
        0, 5])
----train_model(--labels---- tensor([3, 8, 8, 7, 5, 9, 8, 5, 3, 0, 2, 9, 7, 4, 0, 9, 2, 8, 9, 1, 2, 8, 2, 5,
        7, 4, 0, 3, 3, 6, 2, 8, 4, 6, 5, 4, 5, 2, 6, 7, 9, 0, 1, 1, 0, 1, 4, 4,
        2, 5])
----train_model(--labels---- tensor([7, 1, 4, 8, 8, 9, 1, 5, 8, 7, 3, 4, 5, 9, 6, 3, 0, 4, 5, 3, 8, 0, 5, 5,
        5, 0, 3, 7, 6, 9, 4, 2, 1, 8, 2, 5, 9, 9, 5, 2, 8, 2, 0, 0, 5, 8, 4, 0,
        9, 9])
----train_model(--labels---- tensor([2, 2, 1, 5, 7, 1, 2, 0, 7, 0, 9, 3, 7, 4, 9, 7, 6, 2, 6, 5, 1, 9, 8, 2,
        3, 6, 1, 9, 5, 3, 8, 5, 4, 3, 1, 7, 9, 3, 3, 5, 5, 9, 1, 6, 4, 4, 7, 7,
        7, 3])
----train_model(--labels---- tensor([2, 1, 1, 0, 1, 4, 4, 2, 0, 7, 3, 0, 8, 3, 3, 4, 1, 6, 7, 4, 2, 1, 9, 1,
        6, 2, 2, 8, 3, 7, 0, 3, 9, 6, 1, 7, 5, 6, 0, 1, 4, 9, 8, 1, 8, 7, 6, 3,
        4, 6])
----train_model(--labels---- tensor([6, 0, 4, 6, 3, 4, 7, 2, 8, 1, 1, 4, 3, 1, 1, 2, 9, 4, 3, 7, 0, 8, 2, 0,
        6, 4, 6, 6, 7, 9, 9, 2, 8, 5, 9, 2, 3, 2, 6, 7, 2, 7, 4, 7, 0, 7, 3, 1,
        0, 0])
----train_model(--labels---- tensor([0, 3, 3, 7, 0, 9, 0, 6, 1, 3, 4, 9, 5, 5, 3, 8, 7, 1, 9, 2, 5, 6, 1, 6,
        2, 1, 9, 5, 5, 9, 8, 0, 8, 0, 7, 4, 2, 4, 6, 5, 1, 8, 6, 0, 9, 2, 4, 7,
        4, 9])
----train_model(--labels---- tensor([4, 1, 5, 3, 6, 5, 6, 3, 4, 2, 3, 0, 8, 7, 6, 4, 8, 2, 2, 1, 7, 4, 8, 8,
        1, 6, 2, 3, 6, 4, 1, 8, 9, 7, 6, 7, 9, 4, 8, 9, 2, 0, 8, 1, 6, 2, 1, 0,
        3, 2])
----train_model(--labels---- tensor([1, 0, 9, 4, 9, 4, 2, 0, 1, 4, 3, 1, 5, 6, 1, 6, 8, 7, 4, 0, 7, 0, 1, 8,
        6, 4, 1, 9, 0, 8, 3, 0, 0, 0, 0, 6, 7, 2, 9, 1, 4, 5, 7, 9, 9, 3, 3, 2,
        0, 9])
----train_model(--labels---- tensor([7, 6, 4, 3, 0, 0, 1, 9, 3, 2, 7, 0, 5, 4, 8, 9, 9, 1, 9, 6, 9, 1, 5, 4,
        1, 0, 1, 1, 5, 2, 8, 4, 0, 2, 6, 6, 9, 3, 9, 0, 4, 4, 8, 7, 1, 9, 7, 5,
        1, 1])
----train_model(--labels---- tensor([5, 8, 9, 1, 8, 1, 8, 4, 1, 4, 2, 4, 3, 6, 5, 8, 0, 0, 0, 0, 3, 0, 3, 2,
        4, 9, 8, 5, 1, 3, 1, 0, 5, 4, 6, 5, 2, 8, 9, 5, 8, 6, 9, 5, 1, 9, 4, 8,
        7, 4])
----train_model(--labels---- tensor([9, 5, 3, 0, 3, 6, 5, 5, 7, 7, 8, 6, 6, 3, 3, 5, 5, 8, 8, 2, 4, 3, 1, 2,
        5, 0, 6, 9, 9, 6, 7, 0, 0, 1, 1, 8, 7, 2, 7, 5, 5, 7, 8, 9, 0, 2, 4, 5,
        2, 2])
----train_model(--labels---- tensor([0, 7, 0, 7, 4, 0, 8, 9, 5, 9, 8, 4, 4, 2, 2, 0, 5, 1, 5, 7, 4, 0, 0, 8,
        2, 9, 3, 3, 1, 5, 8, 0, 6, 8, 6, 6, 0, 0, 7, 1, 1, 3, 2, 1, 8, 3, 0, 8,
        4, 1])
----train_model(--labels---- tensor([7, 0, 6, 1, 2, 2, 7, 3, 0, 4, 7, 2, 1, 3, 0, 7, 6, 4, 5, 5, 2, 9, 7, 0,
        4, 6, 0, 6, 9, 8, 8, 0, 0, 6, 2, 0, 2, 6, 7, 6, 4, 9, 4, 8, 6, 3, 7, 7,
        3, 6])
----train_model(--labels---- tensor([2, 6, 9, 4, 6, 5, 2, 2, 2, 9, 9, 2, 2, 1, 0, 0, 4, 8, 2, 4, 4, 5, 7, 0,
        3, 7, 3, 2, 2, 5, 4, 1, 4, 4, 0, 5, 7, 6, 9, 4, 9, 6, 7, 9, 4, 2, 0, 7,
        9, 4])
----train_model(--labels---- tensor([5, 0, 0, 4, 9, 5, 8, 4, 3, 9, 5, 9, 8, 6, 7, 7, 7, 9, 2, 9, 9, 6, 2, 0,
        3, 4, 0, 2, 2, 6, 1, 4, 7, 7, 2, 7, 4, 7, 8, 2, 1, 5, 1, 6, 4, 7, 3, 6,
        3, 9])
----train_model(--labels---- tensor([0, 2, 2, 4, 5, 6, 3, 7, 2, 3, 8, 4, 6, 5, 7, 1, 9, 9, 8, 0, 7, 1, 2, 1,
        5, 9, 7, 1, 5, 5, 0, 0, 2, 7, 4, 8, 1, 9, 5, 3, 0, 6, 3, 0, 6, 7, 1, 0,
        3, 4])
----train_model(--labels---- tensor([3, 5, 9, 5, 2, 3, 5, 7, 9, 0, 9, 4, 3, 8, 0, 6, 0, 0, 4, 3, 5, 1, 1, 5,
        3, 1, 5, 2, 7, 2, 0, 9, 9, 8, 4, 0, 5, 7, 9, 3, 0, 1, 4, 7, 9, 6, 0, 4,
        7, 7])
----train_model(--labels---- tensor([4, 2, 0, 1, 5, 6, 4, 4, 4, 8, 4, 1, 4, 5, 7, 2, 6, 5, 1, 7, 5, 0, 5, 4,
        9, 5, 8, 8, 4, 8, 6, 2, 0, 9, 4, 9, 9, 9, 4, 4, 3, 3, 3, 0, 7, 2, 2, 6,
        2, 4])
----train_model(--labels---- tensor([6, 1, 7, 8, 8, 5, 9, 2, 9, 0, 3, 3, 0, 2, 5, 3, 3, 4, 7, 6, 6, 9, 5, 4,
        7, 8, 8, 2, 6, 8, 8, 1, 6, 8, 0, 0, 7, 3, 4, 0, 4, 1, 1, 0, 5, 6, 5, 5,
        0, 2])
----train_model(--labels---- tensor([9, 3, 5, 4, 8, 3, 4, 9, 2, 3, 4, 9, 7, 2, 6, 2, 4, 4, 7, 7, 4, 1, 8, 2,
        5, 3, 5, 4, 8, 1, 2, 9, 7, 2, 4, 0, 1, 6, 4, 4, 9, 4, 1, 7, 3, 0, 4, 1,
        7, 3])
----train_model(--labels---- tensor([1, 4, 5, 2, 8, 4, 3, 3, 4, 2, 7, 3, 7, 6, 8, 4, 3, 1, 3, 5, 0, 6, 2, 6,
        1, 5, 7, 4, 3, 0, 4, 6, 4, 0, 6, 4, 0, 5, 3, 2, 5, 3, 9, 3, 7, 4, 9, 3,
        7, 1])
----train_model(--labels---- tensor([6, 4, 0, 5, 5, 6, 3, 7, 2, 3, 1, 1, 3, 9, 5, 6, 9, 9, 3, 8, 3, 1, 2, 7,
        0, 8, 6, 5, 8, 9, 6, 7, 2, 6, 9, 5, 9, 5, 4, 4, 3, 6, 8, 6, 8, 6, 7, 9,
        8, 3])
----train_model(--labels---- tensor([6, 5, 1, 8, 6, 4, 5, 1, 0, 8, 9, 2, 1, 5, 5, 8, 7, 8, 5, 9, 6, 4, 7, 9,
        1, 5, 5, 2, 6, 0, 2, 7, 0, 0, 5, 7, 7, 8, 2, 0, 7, 7, 7, 9, 9, 6, 2, 0,
        6, 2])
----train_model(--labels---- tensor([3, 9, 0, 5, 6, 0, 0, 6, 0, 3, 2, 5, 1, 8, 5, 8, 2, 0, 4, 6, 5, 6, 0, 5,
        8, 4, 1, 8, 4, 1, 9, 7, 6, 9, 1, 8, 8, 8, 4, 5, 6, 4, 8, 2, 1, 6, 6, 7,
        2, 7])
----train_model(--labels---- tensor([6, 5, 8, 8, 5, 1, 5, 8, 9, 0, 2, 3, 8, 6, 0, 0, 2, 5, 1, 4, 8, 0, 1, 3,
        7, 1, 0, 5, 6, 8, 7, 8, 1, 0, 3, 2, 3, 8, 9, 5, 9, 8, 7, 6, 0, 4, 5, 6,
        9, 1])
----train_model(--labels---- tensor([2, 0, 2, 5, 0, 4, 6, 8, 9, 0, 0, 5, 7, 0, 2, 9, 4, 5, 7, 4, 2, 5, 0, 7,
        0, 0, 6, 7, 0, 1, 5, 5, 0, 2, 3, 7, 7, 5, 4, 0, 2, 8, 9, 4, 2, 7, 4, 3,
        6, 9])
----train_model(--labels---- tensor([0, 4, 5, 6, 1, 8, 4, 7, 5, 3, 4, 2, 2, 1, 4, 1, 8, 8, 7, 5, 3, 6, 9, 3,
        6, 9, 9, 2, 3, 2, 9, 2, 2, 9, 5, 2, 3, 1, 3, 2, 8, 6, 6, 9, 0, 4, 7, 9,
        9, 0])
----train_model(--labels---- tensor([9, 4, 5, 3, 2, 6, 9, 0, 6, 5, 1, 6, 4, 7, 4, 4, 6, 9, 5, 5, 2, 9, 3, 3,
        9, 9, 9, 2, 5, 4, 0, 3, 8, 4, 1, 6, 9, 5, 3, 5, 1, 6, 3, 3, 3, 4, 9, 1,
        7, 1])
----train_model(--labels---- tensor([0, 6, 1, 6, 4, 7, 9, 0, 8, 6, 7, 2, 7, 7, 9, 0, 0, 1, 2, 3, 1, 2, 7, 9,
        2, 3, 8, 1, 6, 2, 5, 7, 7, 4, 8, 6, 0, 0, 8, 6, 3, 3, 8, 7, 6, 6, 0, 8,
        9, 7])
----train_model(--labels---- tensor([1, 6, 7, 0, 7, 6, 1, 0, 8, 4, 3, 3, 9, 2, 8, 4, 2, 9, 1, 2, 7, 1, 8, 3,
        5, 5, 4, 5, 7, 8, 2, 0, 9, 9, 9, 5, 6, 0, 0, 8, 0, 9, 9, 6, 6, 9, 9, 1,
        5, 7])
----train_model(--labels---- tensor([1, 0, 0, 7, 3, 7, 3, 2, 3, 0, 8, 5, 1, 2, 7, 1, 0, 0, 3, 5, 2, 6, 8, 0,
        0, 0, 8, 3, 1, 4, 9, 0, 7, 6, 5, 7, 1, 0, 1, 8, 7, 4, 6, 9, 0, 9, 3, 3,
        7, 4])
----train_model(--labels---- tensor([7, 9, 6, 4, 9, 3, 2, 1, 1, 5, 6, 6, 1, 9, 7, 9, 3, 7, 9, 4, 8, 6, 6, 5,
        8, 4, 4, 7, 7, 3, 8, 6, 7, 2, 7, 6, 8, 2, 7, 9, 8, 6, 5, 9, 7, 3, 2, 1,
        8, 6])
----train_model(--labels---- tensor([6, 4, 6, 3, 9, 3, 4, 1, 5, 9, 3, 7, 4, 6, 7, 5, 8, 8, 8, 0, 3, 3, 5, 3,
        1, 7, 2, 4, 3, 3, 4, 4, 7, 2, 0, 5, 9, 2, 4, 0, 6, 6, 3, 6, 1, 1, 8, 8,
        9, 6])
----train_model(--labels---- tensor([3, 1, 4, 9, 0, 5, 6, 7, 1, 9, 0, 7, 5, 8, 0, 1, 1, 3, 8, 8, 5, 3, 0, 7,
        2, 1, 0, 8, 8, 3, 8, 1, 9, 1, 0, 2, 8, 4, 8, 3, 6, 9, 7, 5, 1, 4, 2, 8,
        1, 7])
----train_model(--labels---- tensor([4, 0, 3, 5, 3, 7, 5, 8, 0, 8, 3, 6, 8, 8, 4, 6, 6, 5, 8, 0, 5, 0, 4, 0,
        7, 1, 1, 6, 9, 7, 5, 5, 9, 6, 9, 1, 8, 2, 0, 3, 5, 8, 1, 0, 3, 5, 9, 4,
        5, 7])
----train_model(--labels---- tensor([1, 6, 2, 2, 3, 0, 6, 6, 2, 6, 2, 6, 6, 1, 3, 9, 6, 7, 9, 7, 7, 7, 8, 0,
        3, 3, 5, 3, 4, 8, 1, 2, 3, 4, 8, 4, 2, 3, 8, 1, 5, 9, 4, 9, 5, 8, 1, 5,
        7, 1])
----train_model(--labels---- tensor([9, 6, 3, 1, 1, 2, 5, 0, 3, 1, 0, 8, 4, 5, 9, 8, 7, 7, 4, 9, 9, 8, 9, 8,
        4, 8, 9, 2, 2, 1, 8, 1, 8, 1, 5, 9, 5, 0, 7, 3, 8, 5, 4, 7, 5, 4, 2, 2,
        9, 5])
----train_model(--labels---- tensor([7, 8, 7, 1, 0, 5, 3, 1, 3, 6, 1, 8, 1, 6, 2, 9, 3, 5, 1, 3, 6, 7, 6, 8,
        7, 9, 9, 5, 8, 6, 5, 0, 2, 1, 2, 3, 7, 2, 1, 5, 1, 2, 5, 2, 7, 1, 5, 2,
        0, 3])
----train_model(--labels---- tensor([0, 2, 9, 4, 5, 3, 0, 0, 0, 5, 1, 3, 2, 8, 1, 2, 1, 9, 7, 1, 3, 9, 4, 8,
        8, 3, 9, 6, 9, 6, 3, 0, 3, 2, 7, 0, 9, 9, 3, 5, 0, 8, 7, 3, 3, 3, 4, 7,
        1, 8])
----train_model(--labels---- tensor([3, 1, 1, 7, 4, 2, 6, 0, 3, 2, 0, 0, 8, 5, 5, 9, 6, 3, 9, 4, 9, 3, 6, 6,
        2, 0, 5, 8, 7, 0, 8, 8, 4, 0, 5, 6, 7, 5, 4, 6, 1, 0, 9, 6, 2, 8, 1, 7,
        6, 8])
----train_model(--labels---- tensor([3, 7, 1, 4, 0, 2, 2, 8, 7, 2, 5, 6, 0, 1, 7, 9, 8, 4, 6, 3, 9, 2, 7, 4,
        4, 3, 8, 3, 9, 9, 2, 0, 8, 6, 8, 7, 4, 9, 5, 2, 9, 9, 4, 8, 4, 2, 9, 3,
        6, 7])
----train_model(--labels---- tensor([5, 3, 1, 6, 8, 7, 3, 5, 7, 7, 1, 8, 0, 6, 4, 4, 3, 8, 0, 9, 0, 1, 1, 9,
        2, 4, 5, 2, 8, 1, 3, 8, 7, 5, 3, 4, 8, 3, 5, 6, 6, 1, 5, 6, 1, 0, 6, 6,
        6, 9])
----train_model(--labels---- tensor([1, 1, 5, 4, 7, 4, 0, 8, 5, 6, 4, 4, 4, 0, 8, 7, 1, 0, 7, 2, 8, 7, 6, 2,
        7, 0, 4, 0, 7, 4, 6, 1, 4, 0, 2, 1, 5, 4, 2, 6, 5, 9, 5, 3, 7, 7, 2, 9,
        8, 1])
----train_model(--labels---- tensor([7, 6, 8, 3, 5, 8, 3, 8, 6, 5, 8, 5, 0, 1, 3, 8, 1, 0, 2, 5, 4, 4, 1, 1,
        1, 5, 6, 4, 5, 0, 3, 7, 2, 0, 9, 2, 8, 7, 0, 8, 9, 8, 8, 0, 0, 0, 6, 6,
        8, 2])
----train_model(--labels---- tensor([9, 2, 8, 8, 5, 8, 9, 1, 1, 2, 2, 6, 8, 0, 1, 4, 7, 7, 3, 4, 1, 0, 9, 6,
        7, 0, 8, 9, 6, 7, 8, 3, 7, 7, 9, 9, 5, 2, 0, 2, 0, 9, 2, 3, 5, 8, 9, 8,
        1, 7])
----train_model(--labels---- tensor([7, 9, 5, 4, 2, 5, 7, 5, 5, 8, 5, 6, 1, 0, 1, 7, 5, 0, 9, 9, 2, 9, 3, 2,
        5, 1, 9, 1, 3, 5, 7, 9, 9, 3, 3, 9, 9, 3, 1, 3, 2, 8, 0, 5, 1, 1, 2, 0,
        4, 8])
----train_model(--labels---- tensor([5, 1, 6, 0, 6, 1, 1, 9, 7, 2, 2, 1, 4, 2, 2, 1, 1, 0, 9, 2, 4, 7, 2, 4,
        6, 3, 4, 4, 4, 7, 9, 1, 2, 2, 8, 4, 7, 0, 5, 2, 1, 8, 9, 4, 3, 6, 6, 9,
        7, 8])
----train_model(--labels---- tensor([0, 6, 5, 1, 9, 2, 9, 3, 8, 9, 2, 1, 1, 0, 5, 0, 8, 2, 8, 5, 9, 3, 1, 8,
        9, 5, 1, 7, 8, 2, 7, 8, 6, 9, 2, 9, 4, 9, 1, 9, 0, 2, 4, 9, 2, 0, 6, 3,
        2, 8])
----train_model(--labels---- tensor([7, 6, 9, 3, 9, 5, 9, 6, 8, 2, 6, 0, 4, 6, 9, 2, 3, 6, 4, 5, 5, 4, 9, 1,
        8, 1, 9, 3, 6, 3, 8, 9, 7, 3, 7, 6, 5, 5, 8, 5, 9, 1, 5, 0, 7, 4, 0, 8,
        7, 1])
----train_model(--labels---- tensor([8, 3, 8, 1, 1, 9, 6, 6, 7, 4, 8, 7, 6, 9, 5, 7, 3, 1, 5, 0, 0, 0, 2, 4,
        9, 8, 2, 0, 5, 6, 6, 6, 6, 9, 4, 6, 0, 7, 6, 7, 4, 0, 7, 2, 0, 9, 8, 7,
        2, 7])
----train_model(--labels---- tensor([7, 6, 8, 5, 6, 9, 5, 4, 8, 7, 3, 8, 8, 2, 0, 7, 8, 2, 3, 7, 1, 2, 0, 6,
        3, 1, 7, 1, 7, 3, 0, 5, 6, 3, 9, 4, 0, 3, 6, 3, 9, 8, 4, 9, 1, 9, 5, 3,
        1, 3])
----train_model(--labels---- tensor([9, 0, 2, 1, 7, 1, 9, 2, 4, 5, 3, 6, 4, 6, 2, 3, 0, 0, 9, 0, 0, 9, 7, 8,
        5, 2, 4, 6, 4, 8, 4, 9, 9, 2, 9, 9, 5, 9, 3, 1, 2, 5, 8, 3, 5, 1, 5, 6,
        7, 0])
----train_model(--labels---- tensor([9, 9, 2, 1, 6, 8, 4, 3, 9, 8, 7, 2, 8, 9, 2, 3, 4, 3, 3, 6, 2, 7, 5, 6,
        6, 1, 9, 4, 4, 4, 6, 7, 3, 1, 8, 8, 7, 2, 1, 4, 5, 1, 6, 4, 9, 5, 4, 5,
        2, 0])
----train_model(--labels---- tensor([3, 2, 6, 3, 1, 0, 3, 4, 2, 0, 8, 7, 8, 9, 1, 4, 4, 7, 3, 2, 2, 5, 8, 0,
        3, 8, 2, 3, 8, 7, 4, 7, 7, 6, 2, 1, 8, 0, 0, 6, 8, 5, 6, 8, 5, 0, 6, 1,
        3, 8])
----train_model(--labels---- tensor([2, 5, 7, 8, 7, 7, 0, 5, 8, 8, 2, 2, 6, 5, 5, 2, 4, 3, 6, 7, 6, 9, 3, 1,
        6, 7, 3, 5, 2, 2, 9, 5, 9, 2, 9, 6, 9, 3, 8, 9, 3, 1, 7, 3, 8, 1, 2, 5,
        5, 1])
----train_model(--labels---- tensor([8, 1, 6, 8, 5, 6, 5, 3, 6, 6, 8, 4, 4, 7, 7, 7, 7, 5, 8, 2, 1, 2, 1, 1,
        5, 0, 4, 6, 6, 4, 0, 5, 1, 0, 0, 6, 9, 2, 2, 3, 2, 2, 1, 0, 2, 7, 6, 2,
        2, 2])
----train_model(--labels---- tensor([3, 1, 3, 2, 0, 2, 7, 1, 2, 5, 2, 4, 5, 7, 9, 3, 3, 1, 9, 7, 2, 4, 7, 5,
        2, 0, 7, 4, 3, 5, 4, 6, 0, 9, 0, 4, 3, 2, 7, 1, 1, 0, 8, 4, 9, 8, 2, 3,
        4, 8])
----train_model(--labels---- tensor([7, 6, 2, 9, 5, 0, 7, 2, 7, 7, 1, 7, 4, 4, 7, 6, 9, 8, 4, 9, 3, 9, 0, 6,
        7, 8, 1, 6, 7, 3, 5, 7, 2, 6, 0, 5, 3, 5, 0, 4, 5, 7, 4, 1, 3, 3, 6, 2,
        2, 0])
----train_model(--labels---- tensor([3, 7, 4, 1, 8, 4, 6, 4, 6, 3, 4, 1, 7, 4, 6, 2, 2, 9, 9, 6, 5, 3, 3, 7,
        5, 2, 9, 0, 8, 9, 4, 1, 3, 3, 1, 8, 1, 1, 2, 6, 8, 8, 6, 0, 3, 6, 9, 3,
        2, 9])
----train_model(--labels---- tensor([5, 8, 5, 8, 5, 5, 0, 7, 2, 2, 3, 9, 2, 4, 8, 8, 5, 8, 5, 4, 5, 0, 1, 5,
        1, 1, 3, 8, 8, 9, 9, 3, 0, 7, 6, 3, 1, 8, 6, 6, 4, 3, 4, 0, 7, 8, 5, 7,
        3, 4])
----train_model(--labels---- tensor([3, 4, 4, 5, 3, 3, 1, 2, 1, 2, 6, 7, 3, 9, 1, 6, 5, 4, 0, 9, 3, 9, 5, 6,
        4, 2, 4, 4, 9, 4, 8, 7, 4, 1, 2, 9, 2, 9, 3, 9, 0, 5, 7, 0, 6, 3, 8, 3,
        5, 5])
----train_model(--labels---- tensor([0, 7, 9, 2, 7, 7, 2, 6, 2, 5, 6, 0, 1, 8, 3, 7, 6, 0, 6, 4, 0, 4, 5, 0,
        3, 3, 1, 9, 7, 8, 1, 4, 1, 7, 8, 3, 0, 6, 9, 7, 4, 7, 5, 1, 9, 1, 4, 5,
        6, 1])
----train_model(--labels---- tensor([9, 1, 3, 2, 6, 2, 3, 9, 5, 1, 2, 9, 0, 9, 8, 4, 7, 2, 8, 6, 6, 8, 6, 1,
        6, 8, 5, 8, 6, 9, 2, 5, 5, 3, 3, 6, 0, 8, 4, 9, 6, 2, 5, 9, 8, 2, 7, 7,
        3, 0])
----train_model(--labels---- tensor([2, 2, 5, 4, 4, 3, 5, 2, 3, 0, 2, 3, 8, 7, 6, 9, 4, 6, 5, 1, 3, 9, 3, 8,
        2, 4, 6, 8, 8, 6, 8, 4, 7, 2, 2, 0, 4, 5, 9, 2, 5, 8, 8, 8, 6, 7, 8, 7,
        4, 7])
----train_model(--labels---- tensor([1, 2, 1, 5, 6, 9, 0, 2, 5, 0, 8, 7, 0, 5, 8, 1, 5, 5, 8, 9, 7, 9, 1, 8,
        5, 3, 9, 3, 1, 4, 1, 8, 4, 6, 1, 7, 3, 3, 1, 2, 1, 0, 2, 6, 9, 8, 9, 4,
        2, 5])
----train_model(--labels---- tensor([7, 2, 9, 9, 8, 0, 9, 5, 7, 6, 7, 7, 8, 7, 8, 8, 3, 2, 5, 0, 7, 3, 8, 0,
        8, 5, 0, 2, 7, 1, 9, 7, 2, 9, 5, 1, 3, 0, 0, 5, 7, 8, 9, 2, 0, 3, 2, 4,
        8, 5])
----train_model(--labels---- tensor([4, 3, 5, 3, 5, 1, 1, 6, 0, 1, 4, 6, 0, 3, 4, 2, 3, 9, 2, 6, 1, 7, 3, 8,
        8, 1, 5, 4, 7, 9, 5, 5, 8, 5, 8, 1, 1, 0, 5, 6, 1, 1, 1, 4, 4, 6, 3, 9,
        1, 6])
----train_model(--labels---- tensor([8, 5, 0, 6, 5, 8, 1, 5, 4, 2, 1, 9, 8, 9, 1, 8, 2, 1, 2, 7, 1, 2, 7, 6,
        2, 0, 4, 7, 0, 9, 9, 8, 5, 8, 5, 7, 7, 2, 3, 1, 2, 7, 4, 4, 1, 1, 8, 9,
        3, 5])
----train_model(--labels---- tensor([8, 5, 1, 2, 8, 8, 9, 0, 9, 6, 7, 5, 4, 4, 7, 5, 1, 7, 5, 2, 4, 1, 5, 3,
        5, 5, 4, 8, 9, 6, 8, 1, 8, 6, 2, 7, 3, 9, 5, 0, 9, 9, 0, 2, 3, 5, 9, 7,
        1, 7])
----train_model(--labels---- tensor([8, 1, 2, 7, 4, 6, 5, 3, 9, 5, 3, 6, 3, 7, 7, 9, 0, 7, 2, 0, 6, 7, 1, 9,
        4, 9, 8, 1, 8, 0, 9, 7, 1, 9, 8, 5, 6, 1, 1, 3, 5, 5, 8, 4, 0, 0, 4, 7,
        3, 5])
----train_model(--labels---- tensor([6, 9, 7, 3, 8, 6, 6, 6, 4, 4, 0, 0, 4, 6, 4, 9, 2, 8, 9, 1, 5, 1, 9, 4,
        3, 7, 3, 4, 8, 0, 8, 6, 6, 6, 3, 0, 5, 5, 0, 7, 7, 6, 1, 6, 6, 7, 6, 8,
        7, 1])
----train_model(--labels---- tensor([9, 7, 8, 9, 8, 8, 4, 9, 6, 6, 3, 1, 5, 8, 4, 4, 3, 9, 1, 6, 0, 9, 8, 1,
        8, 9, 0, 1, 8, 2, 5, 7, 7, 7, 8, 6, 0, 5, 3, 6, 5, 4, 5, 8, 7, 6, 4, 9,
        0, 3])
----train_model(--labels---- tensor([0, 8, 8, 8, 1, 5, 2, 5, 6, 1, 4, 0, 3, 6, 3, 3, 3, 8, 2, 2, 2, 1, 1, 0,
        4, 0, 8, 5, 0, 3, 7, 0, 9, 9, 3, 2, 6, 8, 7, 4, 1, 4, 1, 0, 9, 0, 9, 7,
        0, 0])
----train_model(--labels---- tensor([2, 6, 0, 1, 1, 4, 4, 5, 9, 2, 3, 7, 0, 3, 7, 9, 8, 5, 4, 9, 0, 4, 8, 4,
        4, 9, 6, 4, 9, 7, 9, 2, 7, 7, 8, 1, 7, 3, 7, 5, 2, 3, 9, 0, 8, 9, 8, 4,
        4, 0])
----train_model(--labels---- tensor([1, 5, 4, 6, 5, 2, 7, 5, 9, 6, 2, 3, 7, 0, 1, 7, 0, 6, 8, 0, 4, 9, 6, 5,
        8, 9, 1, 3, 7, 5, 1, 3, 8, 5, 9, 7, 3, 7, 7, 0, 1, 6, 3, 7, 1, 7, 2, 6,
        0, 0])
----train_model(--labels---- tensor([9, 6, 4, 3, 8, 4, 5, 1, 0, 5, 9, 2, 0, 6, 5, 3, 1, 0, 8, 4, 7, 3, 8, 4,
        5, 6, 0, 6, 9, 5, 3, 9, 7, 4, 7, 2, 9, 2, 5, 5, 5, 1, 5, 5, 9, 5, 6, 7,
        2, 8])
----train_model(--labels---- tensor([7, 8, 8, 1, 5, 1, 6, 5, 4, 9, 2, 7, 0, 9, 6, 6, 0, 4, 3, 5, 3, 0, 3, 0,
        6, 3, 8, 0, 8, 9, 6, 1, 3, 9, 7, 3, 3, 6, 6, 8, 3, 5, 9, 9, 1, 0, 3, 2,
        2, 0])
----train_model(--labels---- tensor([6, 4, 9, 2, 5, 6, 5, 7, 4, 2, 9, 9, 2, 0, 4, 3, 5, 7, 6, 8, 4, 2, 3, 9,
        1, 9, 4, 8, 5, 9, 2, 9, 2, 4, 3, 0, 6, 9, 4, 2, 4, 8, 3, 0, 5, 2, 3, 2,
        3, 0])
----train_model(--labels---- tensor([1, 9, 3, 2, 9, 0, 8, 8, 6, 3, 5, 2, 9, 4, 4, 0, 6, 5, 3, 5, 2, 1, 7, 5,
        4, 1, 2, 0, 4, 2, 2, 5, 5, 5, 1, 3, 1, 1, 6, 3, 3, 6, 7, 4, 8, 0, 8, 3,
        6, 6])
----train_model(--labels---- tensor([8, 4, 3, 9, 8, 8, 1, 5, 4, 3, 1, 0, 6, 0, 1, 2, 1, 5, 0, 5, 6, 6, 5, 9,
        3, 1, 3, 4, 4, 4, 5, 6, 7, 9, 2, 1, 6, 8, 0, 5, 5, 4, 8, 9, 5, 6, 8, 5,
        3, 8])
----train_model(--labels---- tensor([3, 9, 0, 1, 2, 8, 7, 8, 8, 0, 4, 6, 3, 6, 4, 3, 1, 6, 0, 9, 1, 2, 6, 2,
        0, 1, 6, 4, 1, 0, 2, 7, 9, 2, 6, 3, 7, 8, 0, 0, 5, 7, 0, 1, 8, 6, 3, 7,
        1, 5])
----train_model(--labels---- tensor([9, 2, 5, 5, 3, 2, 7, 9, 4, 0, 0, 2, 5, 5, 3, 3, 2, 9, 7, 6, 3, 2, 7, 7,
        2, 9, 7, 3, 3, 3, 8, 3, 4, 0, 4, 9, 3, 3, 2, 2, 3, 8, 3, 6, 9, 0, 5, 5,
        1, 4])
----train_model(--labels---- tensor([9, 8, 0, 0, 9, 3, 4, 2, 6, 0, 7, 1, 8, 5, 5, 9, 3, 5, 8, 2, 1, 3, 7, 0,
        2, 1, 3, 7, 3, 9, 0, 8, 9, 0, 9, 5, 3, 3, 5, 5, 9, 1, 9, 0, 2, 1, 5, 4,
        2, 2])
----train_model(--labels---- tensor([4, 0, 5, 0, 5, 6, 5, 9, 3, 6, 9, 2, 3, 1, 5, 0, 7, 6, 3, 6, 4, 1, 2, 2,
        8, 5, 5, 7, 1, 0, 7, 8, 8, 4, 2, 0, 5, 2, 4, 0, 6, 0, 5, 7, 2, 2, 2, 1,
        5, 3])
----train_model(--labels---- tensor([9, 1, 1, 4, 0, 1, 4, 9, 4, 0, 7, 1, 3, 9, 5, 7, 2, 3, 5, 3, 6, 9, 2, 6,
        1, 3, 2, 8, 4, 0, 1, 0, 3, 5, 8, 3, 4, 8, 8, 5, 6, 0, 3, 1, 8, 4, 6, 8,
        7, 3])
----train_model(--labels---- tensor([9, 9, 4, 4, 6, 8, 5, 6, 8, 3, 1, 7, 6, 3, 0, 8, 3, 2, 2, 2, 2, 8, 5, 6,
        4, 6, 8, 7, 1, 3, 0, 0, 1, 7, 1, 7, 5, 8, 2, 2, 5, 0, 0, 1, 7, 1, 5, 1,
        1, 5])
----train_model(--labels---- tensor([9, 9, 8, 3, 9, 8, 3, 0, 0, 4, 2, 9, 1, 3, 9, 5, 3, 9, 9, 1, 4, 0, 1, 4,
        4, 8, 1, 9, 0, 1, 7, 0, 8, 5, 7, 7, 6, 4, 1, 5, 5, 6, 9, 0, 0, 4, 2, 1,
        0, 5])
----train_model(--labels---- tensor([5, 2, 5, 8, 3, 4, 7, 0, 5, 1, 7, 4, 3, 1, 8, 7, 6, 8, 0, 9, 2, 2, 4, 5,
        0, 7, 6, 3, 5, 9, 5, 7, 0, 0, 7, 1, 9, 0, 3, 3, 2, 0, 1, 7, 9, 2, 8, 9,
        3, 4])
----train_model(--labels---- tensor([4, 2, 4, 6, 7, 9, 9, 3, 1, 2, 8, 7, 2, 4, 3, 0, 6, 1, 8, 9, 8, 0, 7, 2,
        7, 6, 1, 9, 4, 6, 9, 3, 1, 2, 1, 5, 1, 2, 0, 9, 5, 2, 3, 0, 8, 5, 0, 1,
        4, 2])
----train_model(--labels---- tensor([4, 3, 7, 1, 4, 5, 6, 8, 4, 5, 1, 1, 7, 7, 3, 6, 1, 4, 5, 7, 7, 8, 7, 0,
        3, 8, 5, 6, 1, 1, 5, 4, 9, 7, 8, 0, 8, 2, 7, 8, 3, 1, 7, 9, 7, 1, 6, 7,
        4, 3])
----train_model(--labels---- tensor([0, 8, 9, 3, 0, 4, 5, 9, 8, 1, 4, 4, 4, 3, 3, 6, 5, 7, 0, 3, 5, 5, 9, 4,
        3, 3, 4, 7, 0, 7, 2, 0, 5, 1, 0, 2, 7, 4, 0, 9, 7, 7, 1, 5, 4, 7, 7, 7,
        7, 9])
----train_model(--labels---- tensor([5, 7, 8, 0, 8, 2, 6, 6, 9, 5, 7, 1, 6, 8, 3, 4, 2, 8, 2, 7, 8, 7, 3, 7,
        2, 2, 2, 5, 9, 5, 1, 3, 5, 2, 4, 0, 8, 9, 0, 2, 4, 2, 9, 4, 9, 5, 5, 7,
        7, 9])
----train_model(--labels---- tensor([8, 0, 7, 9, 0, 6, 2, 1, 4, 1, 0, 7, 3, 2, 2, 1, 5, 3, 3, 8, 7, 2, 3, 9,
        8, 8, 7, 2, 0, 3, 4, 3, 5, 3, 8, 0, 1, 6, 6, 1, 7, 8, 6, 8, 4, 5, 1, 0,
        7, 5])
----train_model(--labels---- tensor([8, 1, 9, 6, 1, 8, 2, 1, 5, 9, 8, 3, 9, 3, 7, 9, 7, 3, 0, 6, 8, 4, 5, 9,
        8, 3, 2, 2, 6, 7, 5, 5, 9, 3, 8, 1, 0, 4, 4, 1, 9, 7, 8, 9, 7, 4, 6, 9,
        7, 4])
----train_model(--labels---- tensor([2, 3, 5, 9, 7, 4, 6, 4, 8, 4, 1, 0, 6, 6, 6, 0, 1, 7, 6, 0, 9, 9, 9, 6,
        2, 9, 8, 9, 2, 2, 1, 5, 2, 2, 0, 4, 5, 6, 1, 9, 3, 3, 4, 6, 5, 7, 5, 3,
        1, 4])
----train_model(--labels---- tensor([0, 9, 3, 4, 3, 7, 6, 9, 4, 5, 3, 5, 6, 2, 1, 4, 3, 3, 9, 9, 7, 6, 3, 5,
        7, 7, 2, 5, 7, 2, 7, 8, 6, 6, 1, 5, 4, 2, 1, 4, 7, 6, 5, 3, 0, 0, 6, 4,
        7, 9])
----train_model(--labels---- tensor([4, 9, 7, 7, 4, 6, 8, 9, 0, 5, 7, 3, 3, 3, 6, 6, 7, 9, 6, 8, 5, 3, 9, 7,
        3, 5, 7, 9, 5, 4, 1, 6, 5, 3, 2, 5, 4, 0, 3, 7, 3, 2, 1, 4, 1, 7, 8, 8,
        1, 3])
----train_model(--labels---- tensor([2, 2, 6, 1, 5, 2, 9, 5, 5, 1, 5, 9, 3, 9, 2, 8, 5, 0, 2, 3, 2, 7, 9, 3,
        4, 5, 8, 2, 0, 6, 6, 8, 1, 6, 0, 3, 6, 9, 5, 3, 7, 8, 0, 8, 9, 2, 6, 8,
        2, 5])
----train_model(--labels---- tensor([7, 9, 4, 3, 5, 8, 8, 0, 6, 7, 2, 5, 9, 2, 0, 6, 3, 6, 2, 6, 0, 5, 6, 3,
        2, 0, 3, 1, 6, 9, 4, 9, 5, 5, 5, 7, 9, 5, 8, 7, 5, 3, 6, 1, 5, 3, 8, 3,
        6, 8])
----train_model(--labels---- tensor([3, 6, 1, 1, 5, 5, 1, 6, 4, 9, 7, 5, 0, 5, 9, 2, 9, 7, 3, 2, 3, 9, 7, 3,
        3, 0, 0, 7, 4, 8, 3, 7, 9, 7, 4, 8, 9, 9, 8, 0, 6, 5, 3, 4, 9, 8, 4, 5,
        2, 3])
----train_model(--labels---- tensor([9, 6, 4, 8, 4, 5, 3, 3, 4, 0, 5, 9, 0, 1, 8, 4, 0, 4, 0, 8, 1, 2, 2, 5,
        2, 3, 0, 9, 2, 8, 5, 6, 5, 4, 5, 1, 3, 1, 0, 8, 7, 2, 1, 6, 5, 5, 6, 3,
        6, 2])
----train_model(--labels---- tensor([7, 9, 2, 9, 0, 5, 7, 4, 3, 4, 4, 1, 8, 3, 4, 6, 5, 0, 5, 4, 0, 4, 6, 2,
        6, 5, 4, 5, 3, 4, 4, 7, 9, 6, 6, 3, 1, 9, 0, 3, 0, 1, 1, 0, 5, 1, 0, 2,
        4, 6])
----train_model(--labels---- tensor([5, 9, 1, 4, 6, 8, 8, 2, 4, 6, 1, 4, 2, 7, 4, 1, 6, 6, 3, 1, 3, 6, 2, 8,
        9, 0, 7, 5, 2, 3, 3, 2, 8, 3, 1, 0, 8, 6, 8, 1, 7, 5, 2, 9, 9, 0, 8, 1,
        5, 4])
----train_model(--labels---- tensor([9, 7, 9, 8, 6, 5, 0, 0, 3, 6, 6, 9, 2, 9, 2, 4, 5, 6, 5, 0, 6, 6, 3, 0,
        1, 8, 6, 9, 1, 4, 1, 5, 7, 9, 1, 2, 9, 9, 7, 0, 0, 0, 2, 3, 2, 6, 8, 4,
        6, 5])
----train_model(--labels---- tensor([0, 8, 2, 0, 0, 7, 1, 0, 1, 3, 9, 7, 4, 9, 5, 5, 5, 6, 1, 3, 3, 7, 8, 4,
        3, 5, 1, 5, 4, 7, 9, 3, 6, 0, 3, 1, 7, 3, 1, 3, 3, 1, 6, 0, 8, 0, 0, 5,
        3, 9])
----train_model(--labels---- tensor([2, 3, 4, 8, 3, 1, 6, 7, 2, 2, 3, 2, 0, 3, 4, 6, 9, 9, 3, 5, 9, 3, 5, 4,
        1, 2, 0, 2, 9, 2, 6, 9, 2, 3, 2, 3, 0, 0, 8, 1, 7, 0, 2, 8, 6, 3, 2, 8,
        3, 7])
----train_model(--labels---- tensor([7, 3, 1, 3, 8, 3, 7, 7, 1, 6, 3, 5, 9, 9, 9, 7, 0, 6, 7, 5, 1, 4, 1, 8,
        2, 1, 6, 0, 5, 7, 9, 4, 8, 7, 9, 1, 3, 7, 8, 0, 0, 5, 0, 7, 9, 0, 9, 3,
        1, 6])
----train_model(--labels---- tensor([8, 1, 4, 6, 7, 1, 0, 7, 3, 8, 3, 0, 1, 5, 7, 2, 9, 6, 4, 5, 4, 1, 3, 4,
        4, 3, 3, 5, 4, 1, 3, 2, 0, 4, 1, 4, 6, 6, 8, 3, 2, 1, 7, 3, 1, 1, 2, 2,
        5, 3])
----train_model(--labels---- tensor([1, 9, 2, 1, 6, 3, 1, 6, 4, 7, 7, 6, 1, 1, 0, 9, 4, 1, 2, 1, 7, 1, 9, 0,
        8, 3, 7, 5, 5, 8, 6, 1, 8, 4, 1, 2, 6, 7, 1, 1, 0, 9, 7, 4, 5, 7, 4, 7,
        1, 2])
----train_model(--labels---- tensor([1, 8, 2, 0, 0, 1, 4, 4, 9, 6, 4, 2, 9, 8, 5, 8, 2, 2, 1, 5, 1, 8, 7, 4,
        9, 0, 3, 1, 4, 7, 2, 2, 3, 2, 4, 9, 0, 8, 9, 5, 2, 2, 5, 3, 0, 7, 1, 9,
        6, 9])
----train_model(--labels---- tensor([8, 7, 9, 1, 1, 8, 5, 0, 5, 2, 3, 0, 7, 1, 9, 6, 3, 4, 7, 7, 6, 6, 5, 4,
        9, 4, 7, 3, 1, 9, 3, 8, 7, 6, 4, 6, 1, 2, 9, 9, 2, 1, 1, 3, 8, 1, 5, 1,
        4, 9])
----train_model(--labels---- tensor([9, 0, 4, 7, 4, 7, 4, 4, 8, 3, 4, 4, 1, 2, 5, 2, 0, 4, 7, 4, 4, 5, 3, 1,
        4, 1, 5, 2, 3, 9, 0, 8, 1, 1, 1, 2, 2, 9, 0, 3, 4, 2, 7, 0, 3, 8, 4, 0,
        3, 9])
----train_model(--labels---- tensor([8, 8, 1, 7, 5, 2, 3, 5, 9, 5, 2, 5, 4, 3, 5, 3, 4, 0, 8, 2, 0, 7, 6, 8,
        9, 6, 2, 8, 3, 5, 5, 2, 8, 0, 8, 5, 0, 6, 5, 1, 0, 7, 1, 3, 1, 1, 9, 2,
        3, 3])
----train_model(--labels---- tensor([3, 9, 5, 1, 2, 8, 3, 5, 6, 4, 0, 3, 1, 1, 0, 8, 8, 3, 4, 2, 1, 3, 7, 5,
        3, 6, 7, 1, 2, 2, 3, 1, 6, 7, 2, 1, 4, 8, 4, 0, 7, 8, 7, 8, 4, 4, 0, 1,
        2, 1])
----train_model(--labels---- tensor([8, 3, 9, 8, 2, 5, 1, 6, 2, 8, 1, 5, 6, 2, 5, 4, 9, 9, 4, 9, 6, 3, 7, 0,
        3, 2, 3, 0, 1, 6, 5, 5, 0, 9, 9, 4, 7, 5, 8, 7, 9, 8, 4, 1, 0, 7, 5, 3,
        2, 6])
----train_model(--labels---- tensor([5, 8, 1, 8, 1, 0, 0, 5, 0, 8, 0, 5, 1, 5, 6, 2, 7, 0, 8, 5, 6, 9, 5, 5,
        8, 7, 3, 0, 2, 6, 4, 6, 5, 1, 3, 5, 9, 3, 6, 6, 1, 1, 2, 3, 9, 3, 2, 0,
        7, 6])
----train_model(--labels---- tensor([3, 2, 2, 5, 1, 2, 5, 0, 9, 6, 6, 1, 1, 5, 9, 4, 7, 8, 5, 7, 0, 6, 5, 6,
        1, 9, 0, 9, 0, 0, 7, 9, 2, 8, 5, 9, 3, 4, 0, 8, 7, 2, 7, 9, 7, 8, 5, 5,
        6, 3])
----train_model(--labels---- tensor([2, 3, 6, 6, 5, 4, 2, 3, 3, 6, 7, 1, 7, 0, 5, 0, 0, 5, 3, 5, 5, 0, 8, 5,
        0, 6, 2, 7, 9, 0, 1, 3, 7, 6, 1, 3, 2, 8, 6, 1, 2, 6, 9, 3, 2, 4, 8, 6,
        3, 5])
----train_model(--labels---- tensor([1, 2, 3, 6, 8, 7, 0, 5, 9, 3, 7, 6, 3, 2, 8, 0, 8, 8, 6, 0, 7, 2, 5, 2,
        0, 4, 4, 2, 7, 2, 2, 5, 4, 2, 9, 2, 9, 1, 1, 7, 6, 6, 6, 3, 4, 3, 3, 7,
        8, 4])
----train_model(--labels---- tensor([1, 9, 7, 0, 2, 7, 4, 5, 8, 7, 6, 0, 1, 5, 6, 3, 6, 8, 0, 6, 0, 9, 3, 5,
        3, 1, 5, 4, 1, 4, 1, 0, 5, 3, 6, 7, 7, 1, 3, 0, 2, 4, 4, 7, 3, 6, 3, 8,
        8, 3])
----train_model(--labels---- tensor([0, 7, 7, 9, 1, 6, 6, 2, 0, 4, 3, 7, 2, 5, 3, 8, 6, 1, 4, 1, 1, 0, 2, 1,
        6, 9, 7, 5, 0, 0, 6, 0, 7, 5, 6, 0, 2, 5, 8, 6, 7, 1, 0, 7, 3, 0, 1, 0,
        2, 5])
----train_model(--labels---- tensor([9, 8, 5, 3, 7, 4, 7, 4, 0, 1, 0, 6, 9, 3, 4, 8, 3, 5, 0, 5, 2, 7, 8, 6,
        8, 7, 0, 8, 0, 3, 4, 5, 1, 1, 4, 9, 0, 7, 2, 6, 2, 4, 1, 3, 2, 1, 1, 8,
        8, 4])
----train_model(--labels---- tensor([8, 0, 6, 1, 5, 0, 6, 7, 8, 5, 0, 7, 6, 0, 6, 2, 1, 9, 6, 5, 1, 7, 8, 8,
        0, 6, 0, 5, 0, 2, 3, 8, 1, 1, 0, 6, 7, 5, 9, 9, 1, 1, 1, 6, 9, 5, 7, 5,
        5, 7])
----train_model(--labels---- tensor([4, 2, 5, 5, 5, 4, 3, 3, 0, 1, 6, 5, 9, 5, 0, 7, 0, 2, 4, 2, 3, 1, 0, 5,
        6, 8, 2, 2, 4, 9, 5, 7, 2, 5, 2, 4, 4, 2, 0, 5, 6, 8, 9, 1, 5, 2, 7, 0,
        9, 8])
----train_model(--labels---- tensor([2, 6, 4, 7, 1, 0, 8, 5, 2, 0, 2, 8, 9, 4, 2, 3, 1, 2, 8, 2, 9, 0, 2, 9,
        2, 1, 2, 8, 5, 9, 0, 5, 8, 0, 1, 6, 1, 0, 1, 8, 4, 7, 3, 2, 9, 3, 9, 2,
        2, 9])
----train_model(--labels---- tensor([2, 2, 1, 2, 7, 7, 1, 4, 7, 6, 7, 5, 1, 6, 1, 6, 8, 2, 6, 2, 4, 5, 6, 1,
        1, 1, 1, 2, 6, 7, 1, 1, 7, 5, 5, 1, 1, 8, 6, 5, 1, 7, 6, 1, 2, 4, 4, 0,
        7, 1])
----train_model(--labels---- tensor([6, 7, 6, 8, 7, 0, 2, 8, 8, 2, 4, 7, 6, 9, 4, 8, 2, 3, 4, 2, 8, 9, 1, 5,
        3, 1, 2, 8, 4, 1, 1, 2, 7, 0, 0, 1, 3, 1, 9, 3, 9, 3, 9, 2, 7, 3, 8, 8,
        5, 9])
----train_model(--labels---- tensor([3, 2, 9, 0, 9, 2, 9, 7, 9, 4, 2, 3, 8, 6, 6, 1, 1, 3, 1, 8, 9, 6, 7, 6,
        5, 1, 8, 7, 6, 2, 4, 4, 8, 5, 6, 6, 7, 8, 3, 8, 6, 1, 1, 0, 4, 2, 9, 0,
        0, 4])
----train_model(--labels---- tensor([5, 2, 2, 4, 5, 8, 8, 7, 2, 4, 8, 1, 8, 4, 4, 0, 7, 3, 6, 2, 1, 6, 7, 0,
        3, 3, 3, 3, 3, 0, 4, 6, 0, 9, 6, 8, 9, 9, 5, 1, 3, 3, 9, 1, 9, 9, 4, 1,
        2, 8])
----train_model(--labels---- tensor([7, 6, 1, 2, 9, 6, 1, 4, 0, 6, 8, 3, 9, 4, 3, 4, 6, 7, 2, 7, 3, 4, 7, 0,
        0, 3, 5, 5, 0, 4, 7, 3, 3, 7, 6, 0, 0, 3, 9, 4, 3, 9, 2, 0, 2, 4, 9, 6,
        5, 5])
----train_model(--labels---- tensor([3, 6, 3, 9, 1, 4, 3, 2, 9, 9, 5, 8, 2, 4, 7, 0, 4, 4, 6, 3, 8, 6, 0, 2,
        3, 7, 1, 9, 1, 0, 1, 3, 8, 8, 1, 8, 8, 6, 3, 2, 5, 3, 4, 5, 8, 5, 2, 7,
        4, 2])
----train_model(--labels---- tensor([1, 1, 1, 3, 9, 0, 5, 3, 6, 6, 1, 2, 2, 6, 8, 7, 7, 4, 1, 5, 8, 2, 2, 9,
        8, 8, 5, 1, 4, 0, 4, 9, 0, 8, 0, 6, 4, 7, 6, 9, 2, 8, 1, 8, 0, 0, 5, 9,
        9, 5])
----train_model(--labels---- tensor([1, 8, 3, 8, 3, 6, 7, 4, 6, 0, 4, 9, 7, 3, 7, 9, 9, 9, 8, 0, 7, 3, 6, 5,
        4, 5, 3, 9, 0, 6, 9, 6, 5, 4, 3, 8, 0, 0, 2, 8, 4, 3, 3, 5, 4, 5, 0, 5,
        4, 2])
----train_model(--labels---- tensor([6, 6, 0, 4, 4, 2, 0, 5, 8, 8, 2, 1, 1, 7, 2, 5, 7, 9, 2, 2, 7, 8, 2, 7,
        4, 0, 6, 9, 7, 2, 4, 2, 9, 6, 2, 2, 6, 0, 7, 6, 6, 2, 3, 7, 9, 6, 0, 3,
        8, 3])
----train_model(--labels---- tensor([3, 7, 2, 1, 8, 2, 7, 8, 7, 1, 9, 6, 8, 5, 2, 5, 3, 0, 8, 3, 0, 9, 1, 4,
        4, 3, 3, 1, 4, 3, 9, 8, 8, 7, 8, 8, 0, 4, 4, 3, 8, 4, 8, 3, 4, 2, 2, 0,
        4, 1])
----train_model(--labels---- tensor([4, 3, 3, 1, 9, 2, 6, 2, 0, 9, 3, 1, 8, 5, 6, 0, 0, 3, 8, 5, 9, 5, 5, 0,
        5, 5, 4, 8, 6, 7, 3, 8, 1, 4, 1, 3, 7, 1, 9, 7, 6, 4, 8, 0, 6, 0, 6, 4,
        7, 8])
----train_model(--labels---- tensor([0, 3, 3, 0, 3, 2, 8, 2, 2, 6, 3, 8, 2, 0, 6, 7, 0, 6, 4, 7, 4, 0, 8, 3,
        8, 5, 1, 7, 3, 9, 1, 8, 3, 8, 4, 9, 9, 9, 7, 3, 6, 0, 7, 5, 7, 5, 0, 5,
        4, 9])
----train_model(--labels---- tensor([2, 5, 6, 1, 9, 9, 2, 3, 0, 6, 0, 5, 8, 5, 5, 1, 6, 4, 1, 4, 1, 7, 5, 8,
        3, 9, 7, 7, 0, 0, 2, 3, 2, 2, 7, 4, 8, 7, 1, 9, 0, 5, 6, 0, 9, 2, 4, 8,
        9, 9])
----train_model(--labels---- tensor([5, 3, 5, 2, 1, 8, 3, 5, 3, 5, 9, 5, 2, 9, 3, 5, 9, 4, 3, 6, 8, 0, 9, 0,
        5, 5, 1, 1, 5, 5, 0, 3, 3, 6, 8, 0, 7, 8, 6, 3, 3, 5, 1, 0, 6, 6, 2, 5,
        5, 0])
----train_model(--labels---- tensor([7, 8, 8, 6, 5, 8, 7, 8, 3, 5, 3, 1, 9, 6, 6, 6, 5, 2, 1, 3, 7, 8, 6, 6,
        1, 7, 9, 4, 8, 9, 1, 2, 1, 8, 2, 4, 7, 1, 0, 9, 3, 5, 3, 7, 6, 1, 4, 1,
        9, 3])
----train_model(--labels---- tensor([3, 2, 7, 7, 7, 7, 8, 3, 8, 1, 3, 7, 8, 4, 4, 6, 5, 1, 4, 2, 0, 8, 2, 7,
        5, 8, 0, 8, 2, 6, 4, 3, 9, 0, 8, 6, 1, 5, 7, 2, 6, 0, 0, 6, 2, 6, 0, 3,
        2, 0])
----train_model(--labels---- tensor([9, 6, 1, 8, 6, 2, 7, 7, 3, 8, 7, 5, 8, 5, 5, 9, 0, 1, 7, 5, 7, 8, 1, 6,
        7, 7, 7, 4, 6, 2, 0, 8, 5, 1, 1, 3, 0, 5, 9, 9, 9, 8, 9, 1, 5, 7, 3, 2,
        0, 5])
----train_model(--labels---- tensor([4, 1, 2, 6, 7, 5, 9, 2, 7, 5, 2, 6, 1, 7, 8, 1, 7, 7, 5, 4, 2, 5, 9, 9,
        0, 6, 7, 6, 2, 7, 5, 1, 3, 2, 5, 2, 5, 7, 2, 3, 8, 6, 1, 7, 0, 2, 4, 6,
        9, 2])
----train_model(--labels---- tensor([7, 5, 2, 4, 2, 6, 8, 8, 5, 6, 0, 3, 8, 8, 1, 8, 1, 9, 0, 6, 6, 8, 2, 8,
        2, 0, 7, 2, 0, 3, 4, 1, 3, 1, 4, 2, 0, 5, 7, 1, 2, 6, 2, 9, 6, 8, 0, 9,
        6, 4])
----train_model(--labels---- tensor([0, 8, 5, 8, 6, 7, 6, 3, 9, 5, 7, 5, 3, 1, 1, 4, 6, 6, 1, 5, 3, 1, 0, 7,
        1, 1, 1, 0, 0, 7, 9, 8, 3, 7, 2, 5, 4, 4, 1, 7, 7, 9, 6, 7, 1, 5, 1, 8,
        0, 3])
----train_model(--labels---- tensor([9, 0, 7, 5, 9, 1, 0, 9, 2, 0, 5, 4, 7, 4, 7, 6, 9, 7, 8, 6, 7, 5, 0, 2,
        9, 4, 5, 1, 3, 3, 2, 5, 5, 3, 8, 4, 7, 8, 9, 1, 9, 5, 4, 2, 8, 3, 4, 0,
        7, 2])
----train_model(--labels---- tensor([5, 8, 7, 7, 6, 1, 8, 1, 1, 2, 8, 0, 5, 0, 6, 1, 4, 5, 4, 3, 3, 4, 6, 7,
        0, 6, 8, 7, 7, 7, 1, 8, 7, 8, 4, 0, 5, 8, 4, 9, 6, 3, 1, 8, 8, 4, 6, 1,
        6, 3])
----train_model(--labels---- tensor([4, 0, 0, 6, 0, 9, 2, 0, 3, 6, 9, 4, 8, 7, 2, 6, 0, 6, 6, 5, 2, 8, 6, 7,
        7, 3, 3, 0, 5, 8, 1, 6, 9, 4, 4, 4, 9, 8, 9, 2, 1, 5, 5, 1, 6, 1, 2, 8,
        8, 0])
----train_model(--labels---- tensor([5, 4, 3, 2, 0, 6, 1, 2, 3, 3, 9, 4, 5, 8, 5, 7, 6, 6, 7, 1, 6, 7, 9, 5,
        7, 8, 3, 6, 7, 0, 1, 6, 4, 1, 7, 2, 8, 6, 5, 4, 3, 1, 0, 3, 6, 2, 3, 0,
        9, 3])
----train_model(--labels---- tensor([8, 1, 0, 2, 1, 1, 9, 8, 8, 0, 5, 7, 4, 5, 1, 2, 9, 2, 8, 2, 5, 4, 5, 7,
        2, 8, 1, 8, 1, 4, 7, 1, 3, 4, 2, 8, 3, 5, 7, 3, 4, 1, 2, 6, 4, 1, 7, 1,
        5, 1])
----train_model(--labels---- tensor([0, 1, 5, 1, 4, 3, 5, 3, 6, 9, 7, 7, 4, 6, 6, 8, 8, 4, 6, 6, 9, 9, 4, 0,
        3, 3, 5, 4, 7, 4, 3, 1, 0, 8, 2, 4, 9, 3, 8, 9, 4, 6, 4, 5, 4, 1, 2, 6,
        9, 9])
----train_model(--labels---- tensor([9, 3, 3, 8, 6, 9, 4, 5, 1, 2, 4, 8, 9, 1, 5, 1, 3, 7, 9, 9, 1, 0, 9, 7,
        7, 8, 1, 6, 9, 8, 2, 5, 0, 6, 0, 3, 4, 0, 7, 0, 4, 1, 0, 5, 2, 8, 8, 1,
        8, 4])
----train_model(--labels---- tensor([5, 0, 5, 8, 9, 5, 1, 6, 4, 4, 6, 5, 5, 4, 0, 5, 7, 5, 3, 9, 6, 9, 6, 0,
        3, 1, 2, 7, 3, 7, 5, 6, 4, 7, 5, 8, 7, 3, 0, 9, 5, 1, 0, 3, 4, 3, 3, 2,
        7, 5])
----train_model(--labels---- tensor([6, 9, 1, 9, 0, 5, 1, 5, 7, 4, 6, 3, 5, 3, 5, 1, 7, 6, 1, 4, 3, 4, 5, 3,
        5, 7, 7, 8, 2, 8, 8, 6, 2, 1, 1, 6, 8, 8, 5, 4, 5, 7, 8, 7, 4, 4, 1, 9,
        8, 1])
----train_model(--labels---- tensor([5, 9, 7, 3, 5, 4, 0, 4, 0, 6, 4, 9, 4, 8, 6, 7, 5, 2, 2, 5, 4, 4, 5, 1,
        9, 5, 4, 6, 1, 6, 8, 8, 2, 8, 4, 0, 0, 0, 3, 6, 2, 6, 2, 4, 3, 8, 4, 8,
        1, 7])
----train_model(--labels---- tensor([7, 6, 7, 9, 9, 4, 0, 7, 3, 0, 5, 7, 4, 2, 1, 4, 9, 6, 5, 1, 0, 7, 9, 4,
        0, 0, 3, 1, 3, 5, 8, 1, 7, 7, 5, 7, 2, 0, 4, 0, 2, 4, 9, 5, 8, 1, 6, 4,
        1, 4])
----train_model(--labels---- tensor([4, 1, 7, 9, 2, 7, 2, 4, 5, 8, 8, 6, 7, 6, 6, 8, 4, 0, 8, 4, 8, 5, 6, 6,
        7, 1, 8, 8, 9, 8, 1, 5, 4, 6, 0, 2, 2, 7, 5, 6, 5, 2, 1, 4, 1, 6, 6, 2,
        0, 9])
----train_model(--labels---- tensor([4, 0, 2, 7, 2, 0, 8, 3, 3, 5, 7, 3, 5, 8, 9, 0, 8, 8, 6, 9, 9, 8, 8, 2,
        5, 4, 7, 1, 9, 9, 3, 5, 1, 6, 6, 0, 2, 7, 7, 5, 7, 3, 5, 8, 2, 9, 9, 1,
        0, 6])
----train_model(--labels---- tensor([3, 1, 0, 8, 1, 3, 2, 2, 4, 1, 4, 3, 5, 1, 0, 6, 8, 0, 3, 7, 7, 3, 8, 0,
        2, 0, 8, 1, 9, 7, 8, 6, 4, 2, 6, 6, 7, 4, 3, 4, 9, 0, 2, 3, 1, 7, 1, 2,
        7, 2])
----train_model(--labels---- tensor([2, 4, 5, 0, 8, 8, 4, 1, 2, 4, 8, 3, 4, 8, 8, 6, 8, 5, 4, 8, 0, 5, 8, 7,
        3, 4, 4, 1, 9, 6, 4, 4, 2, 9, 6, 4, 8, 3, 4, 9, 8, 5, 7, 6, 1, 1, 2, 9,
        0, 1])
----train_model(--labels---- tensor([9, 6, 6, 3, 9, 7, 0, 5, 7, 0, 2, 0, 3, 5, 3, 6, 1, 7, 2, 9, 0, 8, 5, 2,
        7, 1, 6, 2, 2, 7, 9, 2, 2, 8, 9, 6, 7, 6, 9, 1, 5, 4, 8, 0, 2, 4, 2, 4,
        3, 7])
----train_model(--labels---- tensor([8, 1, 7, 5, 7, 2, 4, 8, 1, 7, 1, 3, 7, 8, 5, 1, 7, 6, 0, 9, 9, 6, 5, 8,
        1, 8, 2, 8, 8, 0, 9, 0, 6, 5, 8, 0, 9, 7, 8, 3, 6, 8, 3, 4, 3, 2, 0, 7,
        3, 4])
----train_model(--labels---- tensor([6, 9, 0, 9, 6, 6, 2, 1, 3, 9, 6, 8, 0, 8, 3, 7, 8, 3, 6, 9, 6, 2, 9, 9,
        9, 6, 6, 5, 7, 1, 9, 3, 5, 5, 8, 3, 7, 2, 1, 1, 7, 0, 6, 3, 0, 6, 4, 4,
        9, 8])
----train_model(--labels---- tensor([7, 4, 6, 2, 7, 2, 0, 0, 2, 8, 9, 1, 6, 9, 5, 1, 3, 0, 3, 5, 3, 4, 0, 1,
        1, 3, 4, 6, 7, 5, 4, 8, 0, 9, 1, 2, 1, 5, 5, 9, 1, 7, 7, 1, 9, 3, 1, 2,
        5, 4])
----train_model(--labels---- tensor([4, 1, 9, 7, 0, 8, 1, 6, 4, 5, 3, 8, 6, 8, 7, 1, 3, 6, 5, 8, 6, 6, 3, 8,
        9, 7, 6, 5, 7, 4, 9, 6, 5, 0, 0, 0, 9, 4, 7, 4, 7, 3, 3, 8, 8, 4, 4, 7,
        3, 4])
----train_model(--labels---- tensor([2, 9, 0, 0, 9, 7, 1, 1, 8, 2, 5, 0, 2, 3, 4, 1, 4, 4, 9, 6, 7, 6, 9, 0,
        9, 9, 6, 5, 6, 3, 6, 5, 7, 3, 3, 1, 1, 2, 0, 1, 6, 6, 3, 4, 7, 7, 1, 7,
        7, 1])
----train_model(--labels---- tensor([0, 9, 5, 8, 3, 1, 4, 2, 9, 1, 0, 9, 0, 8, 0, 1, 9, 3, 9, 1, 8, 0, 4, 6,
        8, 1, 3, 1, 2, 2, 7, 0, 0, 5, 3, 7, 0, 2, 1, 5, 6, 6, 2, 1, 6, 8, 8, 0,
        4, 5])
----train_model(--labels---- tensor([7, 4, 3, 5, 0, 3, 1, 1, 2, 7, 3, 2, 4, 9, 4, 2, 6, 1, 2, 4, 0, 0, 3, 6,
        7, 3, 5, 4, 1, 4, 9, 3, 0, 4, 8, 1, 5, 5, 0, 3, 7, 9, 1, 3, 7, 6, 8, 9,
        7, 1])
----train_model(--labels---- tensor([4, 6, 2, 0, 5, 2, 3, 4, 5, 6, 6, 1, 2, 6, 7, 7, 9, 9, 9, 9, 9, 6, 1, 4,
        1, 4, 7, 4, 5, 9, 8, 2, 9, 3, 2, 1, 0, 0, 7, 3, 0, 9, 8, 5, 7, 9, 0, 0,
        4, 8])
----train_model(--labels---- tensor([8, 1, 2, 3, 5, 7, 9, 6, 5, 6, 5, 2, 7, 5, 8, 6, 5, 3, 4, 2, 7, 4, 8, 5,
        5, 5, 7, 3, 3, 4, 3, 2, 0, 3, 0, 5, 0, 4, 1, 6, 2, 0, 1, 0, 4, 2, 7, 7,
        5, 9])
----train_model(--labels---- tensor([4, 7, 9, 1, 7, 9, 7, 2, 7, 8, 6, 3, 2, 0, 3, 7, 7, 0, 8, 2, 5, 1, 7, 0,
        2, 2, 6, 4, 3, 9, 3, 8, 2, 7, 2, 8, 0, 0, 5, 0, 1, 5, 7, 6, 3, 2, 5, 0,
        3, 7])
----train_model(--labels---- tensor([7, 1, 0, 4, 4, 7, 5, 0, 0, 1, 0, 0, 1, 5, 9, 2, 8, 2, 9, 1, 3, 5, 0, 7,
        6, 1, 4, 3, 1, 4, 4, 3, 9, 9, 6, 9, 4, 8, 9, 3, 5, 5, 0, 1, 8, 0, 3, 4,
        5, 7])
----train_model(--labels---- tensor([0, 8, 3, 9, 4, 9, 3, 6, 9, 3, 1, 7, 8, 1, 8, 0, 5, 0, 5, 3, 0, 4, 2, 5,
        8, 0, 4, 8, 0, 2, 0, 0, 5, 6, 4, 6, 4, 5, 8, 7, 4, 3, 7, 6, 6, 8, 8, 4,
        5, 3])
----train_model(--labels---- tensor([3, 5, 1, 6, 7, 6, 9, 4, 0, 5, 0, 8, 7, 7, 5, 1, 0, 4, 0, 9, 6, 2, 0, 5,
        0, 0, 5, 2, 8, 6, 7, 8, 3, 9, 0, 2, 7, 6, 7, 7, 8, 1, 9, 7, 0, 8, 1, 3,
        4, 0])
----train_model(--labels---- tensor([7, 7, 6, 5, 6, 8, 7, 0, 2, 3, 7, 7, 9, 8, 7, 1, 7, 2, 6, 6, 5, 4, 9, 8,
        7, 1, 6, 5, 8, 1, 8, 5, 2, 0, 7, 2, 8, 7, 8, 5, 3, 9, 2, 3, 6, 8, 2, 8,
        5, 5])
----train_model(--labels---- tensor([2, 9, 1, 6, 2, 1, 1, 8, 8, 1, 9, 4, 5, 7, 9, 9, 9, 8, 0, 5, 6, 7, 9, 0,
        3, 1, 4, 1, 8, 9, 6, 3, 6, 6, 9, 2, 1, 7, 1, 2, 3, 9, 8, 2, 4, 0, 5, 4,
        5, 5])
----train_model(--labels---- tensor([9, 1, 9, 7, 4, 4, 6, 0, 1, 9, 9, 4, 5, 3, 8, 3, 3, 6, 2, 7, 5, 1, 9, 2,
        5, 2, 9, 3, 5, 3, 6, 3, 9, 1, 1, 8, 6, 9, 8, 4, 0, 8, 9, 7, 0, 7, 7, 6,
        8, 1])
----train_model(--labels---- tensor([0, 5, 8, 0, 5, 7, 0, 8, 9, 1, 7, 6, 4, 0, 5, 3, 1, 4, 8, 4, 8, 3, 4, 5,
        8, 2, 9, 4, 4, 7, 0, 2, 7, 5, 4, 9, 3, 6, 0, 4, 6, 8, 9, 6, 8, 6, 8, 2,
        3, 9])
----train_model(--labels---- tensor([2, 7, 3, 4, 9, 2, 3, 6, 8, 6, 0, 6, 2, 6, 6, 9, 6, 7, 4, 8, 6, 9, 7, 8,
        0, 2, 7, 4, 7, 1, 3, 4, 8, 6, 5, 5, 4, 4, 0, 8, 1, 0, 8, 3, 5, 4, 3, 9,
        5, 2])
----train_model(--labels---- tensor([1, 8, 1, 5, 1, 0, 0, 3, 4, 6, 8, 1, 1, 6, 0, 9, 8, 0, 1, 7, 7, 4, 9, 6,
        3, 0, 3, 6, 7, 8, 1, 1, 3, 8, 8, 2, 9, 6, 4, 2, 7, 5, 3, 4, 9, 1, 9, 2,
        3, 3])
----train_model(--labels---- tensor([6, 3, 9, 7, 8, 2, 8, 2, 3, 3, 8, 9, 2, 4, 0, 2, 5, 5, 9, 3, 2, 0, 0, 7,
        4, 3, 3, 9, 5, 5, 3, 4, 0, 5, 6, 9, 2, 7, 8, 7, 8, 9, 2, 9, 6, 7, 0, 2,
        7, 9])
----train_model(--labels---- tensor([8, 3, 7, 3, 7, 2, 1, 5, 6, 3, 9, 1, 5, 3, 0, 2, 0, 2, 2, 2, 2, 2, 7, 4,
        5, 4, 8, 4, 9, 3, 7, 4, 5, 0, 4, 1, 6, 4, 4, 0, 5, 1, 7, 5, 7, 2, 9, 0,
        8, 0])
----train_model(--labels---- tensor([0, 9, 1, 3, 6, 8, 6, 9, 1, 5, 3, 7, 9, 6, 0, 4, 2, 5, 3, 6, 7, 9, 4, 1,
        9, 1, 0, 5, 7, 2, 8, 3, 6, 1, 8, 7, 8, 2, 9, 3, 5, 5, 5, 5, 3, 6, 9, 7,
        1, 8])
----train_model(--labels---- tensor([8, 9, 3, 2, 2, 5, 0, 0, 4, 9, 0, 4, 4, 8, 8, 2, 4, 2, 1, 9, 9, 8, 2, 6,
        0, 3, 5, 0, 8, 3, 9, 3, 8, 0, 5, 9, 3, 0, 2, 0, 3, 6, 1, 7, 2, 9, 7, 4,
        2, 7])
----train_model(--labels---- tensor([6, 8, 5, 8, 1, 8, 3, 9, 6, 5, 5, 4, 2, 4, 9, 9, 2, 6, 9, 9, 2, 5, 0, 2,
        3, 7, 3, 0, 2, 3, 6, 1, 8, 3, 2, 3, 3, 4, 5, 2, 4, 2, 2, 6, 7, 3, 6, 4,
        8, 2])
----train_model(--labels---- tensor([1, 2, 9, 9, 0, 3, 4, 7, 3, 9, 4, 6, 1, 2, 8, 2, 4, 3, 0, 7, 1, 7, 2, 6,
        2, 6, 9, 8, 6, 0, 7, 7, 4, 0, 7, 3, 0, 6, 6, 0, 8, 6, 7, 5, 5, 9, 6, 2,
        9, 9])
----train_model(--labels---- tensor([4, 3, 2, 2, 4, 5, 2, 7, 5, 2, 0, 9, 4, 2, 0, 3, 0, 9, 0, 3, 4, 7, 8, 9,
        8, 3, 6, 6, 0, 6, 8, 9, 2, 3, 2, 5, 0, 1, 0, 9, 8, 0, 6, 6, 2, 5, 9, 2,
        4, 4])
----train_model(--labels---- tensor([0, 4, 3, 4, 9, 8, 2, 7, 7, 5, 5, 4, 9, 0, 4, 9, 6, 2, 3, 4, 8, 4, 3, 4,
        0, 6, 1, 3, 8, 6, 3, 4, 4, 8, 0, 5, 8, 5, 1, 6, 0, 7, 7, 1, 0, 1, 8, 5,
        6, 9])
----train_model(--labels---- tensor([2, 4, 2, 5, 0, 1, 0, 0, 6, 4, 2, 7, 6, 1, 6, 7, 2, 9, 1, 1, 7, 7, 9, 4,
        1, 5, 6, 2, 1, 9, 8, 9, 6, 2, 2, 6, 8, 2, 7, 2, 6, 8, 9, 5, 8, 1, 7, 6,
        5, 3])
----train_model(--labels---- tensor([4, 7, 1, 4, 7, 1, 5, 7, 4, 6, 9, 0, 6, 5, 0, 6, 8, 8, 3, 8, 3, 4, 3, 6,
        9, 9, 9, 9, 1, 0, 0, 7, 9, 5, 0, 0, 3, 8, 7, 9, 6, 7, 9, 8, 3, 0, 6, 2,
        7, 0])
----train_model(--labels---- tensor([9, 7, 9, 9, 9, 3, 7, 8, 2, 4, 7, 2, 6, 4, 8, 4, 1, 8, 5, 8, 5, 2, 5, 3,
        6, 0, 1, 2, 0, 9, 9, 1, 7, 5, 7, 2, 5, 6, 7, 5, 3, 2, 9, 7, 8, 0, 1, 1,
        9, 4])
----train_model(--labels---- tensor([7, 7, 4, 0, 4, 0, 7, 6, 2, 6, 3, 5, 0, 7, 6, 5, 0, 7, 2, 4, 1, 5, 8, 5,
        3, 9, 5, 9, 7, 3, 1, 9, 2, 2, 3, 1, 9, 1, 8, 5, 5, 0, 1, 2, 4, 2, 8, 1,
        5, 1])
----train_model(--labels---- tensor([0, 5, 3, 5, 7, 2, 7, 7, 5, 9, 2, 3, 6, 3, 7, 3, 2, 3, 0, 9, 7, 7, 3, 1,
        4, 9, 5, 1, 1, 0, 8, 4, 0, 7, 0, 1, 8, 5, 4, 2, 9, 6, 4, 2, 7, 5, 4, 6,
        9, 6])
----train_model(--labels---- tensor([5, 2, 3, 3, 3, 5, 9, 8, 8, 9, 6, 2, 0, 5, 5, 2, 3, 0, 9, 4, 9, 1, 3, 3,
        7, 9, 0, 5, 1, 5, 7, 0, 9, 2, 5, 2, 8, 0, 3, 5, 1, 8, 6, 2, 4, 6, 8, 4,
        6, 6])
----train_model(--labels---- tensor([4, 0, 7, 4, 9, 2, 6, 6, 6, 3, 8, 1, 7, 1, 4, 4, 2, 3, 8, 6, 7, 6, 2, 0,
        3, 4, 8, 1, 9, 1, 3, 5, 4, 1, 8, 3, 6, 7, 1, 5, 5, 4, 6, 6, 4, 8, 3, 8,
        8, 9])
----train_model(--labels---- tensor([6, 7, 1, 4, 5, 0, 7, 3, 7, 6, 6, 4, 5, 4, 9, 0, 9, 9, 3, 1, 9, 4, 1, 4,
        9, 0, 4, 3, 6, 0, 1, 5, 0, 3, 5, 6, 1, 1, 6, 4, 7, 5, 1, 4, 1, 4, 4, 8,
        8, 4])
----train_model(--labels---- tensor([7, 6, 6, 3, 0, 4, 1, 5, 7, 5, 6, 1, 0, 8, 6, 9, 3, 5, 0, 7, 2, 0, 1, 8,
        3, 5, 2, 0, 0, 0, 4, 7, 2, 8, 0, 5, 7, 9, 9, 2, 2, 1, 5, 5, 1, 8, 7, 3,
        4, 2])
----train_model(--labels---- tensor([2, 0, 7, 1, 6, 9, 3, 6, 6, 7, 6, 7, 9, 9, 5, 4, 4, 3, 6, 9, 5, 0, 4, 5,
        1, 1, 3, 3, 3, 6, 2, 1, 1, 2, 1, 8, 3, 7, 1, 0, 4, 6, 9, 8, 3, 2, 1, 4,
        6, 3])
----train_model(--labels---- tensor([4, 7, 1, 3, 9, 8, 2, 0, 3, 0, 1, 0, 0, 3, 6, 8, 0, 8, 3, 9, 6, 6, 9, 0,
        1, 2, 2, 3, 6, 1, 0, 9, 4, 1, 2, 5, 4, 0, 9, 0, 6, 6, 8, 7, 5, 8, 4, 2,
        5, 2])
----train_model(--labels---- tensor([5, 4, 8, 4, 9, 3, 0, 2, 5, 3, 9, 8, 8, 0, 2, 3, 3, 4, 1, 0, 6, 0, 9, 3,
        0, 3, 0, 4, 5, 3, 2, 1, 0, 6, 1, 4, 2, 4, 6, 9, 2, 8, 4, 5, 7, 8, 3, 7,
        1, 2])
----train_model(--labels---- tensor([9, 6, 9, 6, 2, 3, 6, 1, 8, 6, 7, 4, 9, 5, 9, 0, 8, 7, 1, 6, 7, 2, 7, 6,
        1, 8, 3, 4, 3, 0, 9, 2, 8, 9, 4, 3, 8, 1, 9, 3, 4, 9, 1, 2, 4, 5, 3, 7,
        1, 7])
----train_model(--labels---- tensor([8, 4, 7, 4, 2, 1, 9, 6, 5, 6, 7, 0, 5, 0, 1, 7, 3, 0, 6, 1, 7, 3, 7, 0,
        9, 2, 5, 9, 2, 3, 6, 4, 7, 1, 2, 2, 4, 3, 6, 6, 7, 6, 0, 6, 6, 4, 5, 3,
        6, 1])
----train_model(--labels---- tensor([9, 3, 2, 6, 3, 6, 6, 3, 0, 8, 1, 7, 0, 3, 2, 9, 0, 6, 0, 4, 9, 2, 0, 4,
        0, 1, 2, 7, 1, 1, 7, 4, 2, 9, 8, 9, 5, 0, 1, 5, 9, 1, 7, 1, 9, 1, 4, 7,
        5, 6])
----train_model(--labels---- tensor([1, 0, 6, 7, 0, 2, 9, 6, 5, 7, 3, 4, 4, 8, 8, 4, 2, 0, 1, 3, 4, 2, 9, 8,
        6, 2, 3, 7, 7, 0, 1, 4, 7, 3, 4, 0, 3, 0, 9, 0, 6, 4, 7, 8, 4, 9, 5, 7,
        6, 8])
----train_model(--labels---- tensor([7, 0, 1, 9, 0, 6, 5, 0, 6, 7, 4, 4, 7, 8, 8, 1, 3, 5, 7, 1, 7, 2, 3, 2,
        7, 6, 5, 0, 6, 3, 4, 1, 8, 9, 1, 4, 3, 4, 3, 1, 7, 7, 2, 8, 3, 6, 0, 0,
        6, 6])
----train_model(--labels---- tensor([3, 9, 1, 0, 1, 0, 4, 6, 8, 0, 3, 4, 0, 3, 7, 8, 7, 2, 7, 0, 9, 4, 9, 6,
        5, 5, 6, 8, 2, 8, 4, 2, 3, 3, 5, 2, 1, 1, 2, 5, 3, 0, 8, 9, 3, 7, 0, 1,
        3, 7])
----train_model(--labels---- tensor([2, 4, 9, 5, 5, 5, 3, 6, 2, 0, 4, 1, 1, 1, 3, 3, 2, 3, 6, 7, 1, 5, 1, 8,
        8, 9, 0, 9, 4, 8, 2, 7, 5, 3, 8, 8, 8, 9, 7, 8, 1, 6, 7, 6, 5, 6, 6, 9,
        2, 7])
----train_model(--labels---- tensor([1, 5, 2, 9, 8, 9, 4, 2, 3, 0, 9, 0, 5, 2, 8, 9, 5, 2, 7, 0, 4, 8, 7, 3,
        7, 6, 5, 0, 8, 5, 2, 9, 9, 4, 3, 2, 6, 4, 9, 5, 2, 0, 8, 9, 7, 1, 7, 2,
        1, 1])
----train_model(--labels---- tensor([9, 0, 8, 5, 6, 3, 1, 8, 5, 4, 5, 0, 3, 2, 7, 7, 9, 1, 2, 5, 1, 4, 1, 6,
        4, 2, 4, 8, 2, 5, 5, 6, 4, 2, 2, 6, 2, 9, 1, 2, 9, 1, 0, 2, 8, 3, 5, 0,
        9, 8])
----train_model(--labels---- tensor([8, 6, 6, 6, 8, 2, 2, 3, 6, 4, 7, 0, 6, 5, 6, 2, 5, 6, 2, 1, 8, 5, 9, 2,
        9, 1, 4, 5, 8, 3, 1, 8, 4, 0, 4, 6, 8, 0, 5, 4, 7, 9, 7, 6, 4, 3, 6, 1,
        1, 2])
----train_model(--labels---- tensor([1, 6, 5, 0, 8, 0, 6, 8, 9, 4, 8, 4, 3, 2, 4, 1, 4, 8, 3, 6, 2, 7, 4, 4,
        5, 5, 1, 5, 6, 5, 1, 0, 6, 3, 4, 7, 9, 8, 3, 1, 4, 8, 4, 2, 7, 1, 5, 6,
        5, 1])
----train_model(--labels---- tensor([6, 7, 2, 1, 7, 7, 8, 0, 3, 2, 6, 3, 7, 8, 2, 9, 5, 5, 6, 6, 8, 1, 5, 5,
        5, 1, 1, 3, 4, 7, 2, 5, 1, 6, 1, 5, 0, 6, 0, 4, 7, 2, 7, 8, 3, 7, 6, 4,
        4, 0])
----train_model(--labels---- tensor([8, 9, 1, 8, 7, 9, 8, 7, 5, 0, 1, 7, 1, 3, 3, 0, 5, 0, 9, 7, 1, 4, 8, 3,
        4, 2, 8, 3, 4, 5, 2, 9, 8, 6, 0, 9, 3, 5, 5, 2, 3, 1, 7, 0, 4, 1, 6, 1,
        6, 4])
----train_model(--labels---- tensor([0, 9, 0, 1, 8, 8, 4, 3, 1, 0, 0, 9, 5, 2, 7, 8, 8, 5, 4, 2, 2, 6, 2, 0,
        4, 3, 8, 7, 4, 2, 6, 1, 5, 9, 3, 1, 0, 2, 2, 6, 1, 2, 5, 1, 8, 4, 0, 4,
        5, 2])
----train_model(--labels---- tensor([9, 9, 1, 9, 9, 1, 7, 3, 2, 4, 8, 7, 7, 0, 4, 1, 7, 7, 8, 7, 1, 9, 9, 7,
        0, 9, 6, 2, 1, 9, 3, 5, 0, 9, 3, 0, 9, 4, 2, 7, 2, 3, 5, 8, 0, 3, 5, 7,
        9, 6])
----train_model(--labels---- tensor([5, 4, 7, 0, 6, 9, 4, 3, 6, 9, 8, 4, 7, 2, 2, 3, 9, 2, 6, 6, 6, 3, 3, 5,
        4, 5, 9, 8, 4, 4, 8, 6, 1, 2, 1, 3, 9, 0, 0, 0, 6, 9, 7, 2, 4, 0, 1, 3,
        3, 5])
----train_model(--labels---- tensor([5, 8, 1, 4, 5, 6, 2, 4, 2, 0, 6, 8, 1, 1, 0, 0, 8, 2, 4, 7, 1, 9, 2, 0,
        9, 0, 1, 0, 7, 1, 8, 4, 0, 7, 8, 1, 7, 3, 9, 1, 8, 7, 7, 3, 0, 8, 1, 3,
        3, 2])
----train_model(--labels---- tensor([0, 6, 3, 1, 6, 8, 9, 5, 0, 4, 7, 8, 7, 1, 4, 0, 6, 6, 0, 1, 1, 3, 9, 6,
        2, 3, 5, 2, 6, 7, 9, 4, 4, 4, 9, 8, 4, 7, 2, 6, 0, 9, 3, 8, 9, 4, 1, 1,
        7, 2])
----train_model(--labels---- tensor([1, 5, 6, 0, 8, 8, 6, 0, 3, 7, 3, 2, 5, 9, 7, 1, 9, 3, 1, 8, 2, 1, 0, 8,
        4, 4, 1, 6, 9, 7, 8, 4, 9, 7, 9, 5, 2, 0, 6, 2, 7, 9, 6, 7, 7, 4, 8, 5,
        6, 4])
----train_model(--labels---- tensor([9, 6, 9, 6, 8, 4, 6, 4, 6, 3, 5, 0, 2, 7, 6, 5, 2, 1, 9, 9, 6, 6, 7, 8,
        6, 8, 7, 4, 6, 8, 5, 5, 1, 7, 0, 7, 4, 0, 0, 2, 8, 4, 0, 0, 2, 2, 9, 2,
        3, 0])
----train_model(--labels---- tensor([9, 4, 8, 9, 8, 2, 7, 8, 1, 6, 8, 0, 3, 9, 6, 6, 4, 3, 6, 5, 2, 2, 7, 0,
        4, 1, 2, 6, 8, 3, 5, 8, 8, 4, 0, 6, 8, 4, 9, 4, 9, 0, 3, 1, 9, 4, 3, 3,
        7, 3])
----train_model(--labels---- tensor([5, 2, 8, 7, 2, 7, 9, 1, 6, 0, 0, 9, 2, 4, 0, 0, 4, 2, 5, 6, 7, 2, 8, 4,
        4, 7, 7, 4, 0, 6, 9, 9, 1, 7, 9, 1, 4, 9, 1, 7, 4, 2, 2, 7, 3, 5, 9, 7,
        5, 5])
----train_model(--labels---- tensor([9, 4, 5, 1, 7, 0, 2, 1, 4, 7, 0, 5, 7, 3, 7, 4, 3, 6, 6, 3, 5, 2, 6, 5,
        0, 6, 5, 2, 3, 7, 6, 0, 5, 6, 9, 2, 7, 0, 7, 8, 1, 7, 3, 3, 3, 7, 5, 9,
        9, 9])
----train_model(--labels---- tensor([4, 9, 3, 4, 6, 9, 9, 0, 6, 0, 1, 6, 9, 4, 5, 1, 8, 0, 9, 6, 5, 9, 6, 1,
        5, 9, 1, 6, 9, 0, 7, 1, 8, 7, 7, 0, 3, 5, 4, 5, 2, 4, 9, 2, 0, 7, 3, 4,
        0, 2])
----train_model(--labels---- tensor([5, 8, 4, 7, 6, 0, 9, 6, 7, 0, 3, 7, 2, 9, 2, 2, 6, 9, 9, 1, 2, 5, 4, 9,
        2, 3, 5, 1, 5, 9, 5, 6, 6, 4, 4, 0, 1, 5, 7, 1, 7, 1, 6, 9, 9, 0, 9, 7,
        4, 0])
----train_model(--labels---- tensor([0, 2, 3, 4, 4, 2, 3, 2, 1, 9, 9, 7, 2, 4, 8, 1, 2, 5, 7, 4, 5, 8, 2, 9,
        5, 3, 6, 2, 0, 3, 5, 8, 0, 6, 5, 1, 5, 6, 1, 4, 3, 5, 9, 5, 6, 1, 7, 4,
        9, 8])
----train_model(--labels---- tensor([6, 4, 9, 3, 7, 3, 2, 4, 6, 4, 0, 7, 0, 0, 6, 2, 3, 9, 0, 6, 6, 5, 6, 0,
        9, 9, 6, 6, 4, 6, 5, 3, 1, 3, 2, 0, 2, 5, 0, 4, 1, 5, 7, 8, 6, 3, 0, 6,
        7, 1])
----train_model(--labels---- tensor([2, 4, 8, 6, 7, 0, 7, 2, 8, 6, 1, 6, 1, 0, 0, 7, 2, 5, 8, 1, 6, 7, 6, 7,
        9, 4, 9, 2, 0, 3, 1, 0, 3, 7, 7, 0, 2, 5, 8, 1, 9, 2, 1, 2, 0, 8, 9, 4,
        6, 8])
----train_model(--labels---- tensor([9, 7, 9, 6, 7, 1, 5, 5, 3, 8, 6, 4, 4, 8, 8, 4, 9, 8, 1, 8, 3, 3, 7, 3,
        0, 7, 6, 0, 6, 2, 7, 2, 1, 8, 8, 4, 7, 0, 5, 3, 0, 8, 4, 5, 0, 5, 4, 4,
        2, 4])
----train_model(--labels---- tensor([6, 7, 6, 7, 5, 3, 2, 4, 5, 9, 5, 4, 5, 2, 6, 4, 1, 4, 6, 0, 0, 8, 1, 7,
        3, 4, 7, 6, 7, 3, 5, 8, 6, 3, 3, 8, 8, 0, 5, 9, 3, 3, 6, 1, 2, 3, 5, 0,
        4, 8])
----train_model(--labels---- tensor([9, 9, 7, 1, 0, 4, 2, 0, 4, 3, 9, 9, 0, 5, 0, 6, 6, 5, 0, 0, 3, 9, 1, 5,
        0, 3, 2, 2, 6, 6, 7, 7, 7, 0, 9, 5, 8, 6, 4, 4, 4, 0, 5, 9, 6, 0, 8, 4,
        2, 5])
----train_model(--labels---- tensor([7, 8, 6, 4, 1, 6, 5, 0, 6, 4, 8, 5, 7, 6, 6, 5, 7, 0, 8, 0, 9, 7, 5, 9,
        8, 8, 6, 2, 4, 9, 5, 1, 6, 1, 5, 7, 0, 3, 4, 5, 8, 7, 2, 3, 4, 5, 3, 6,
        5, 6])
----train_model(--labels---- tensor([6, 4, 9, 0, 0, 1, 4, 5, 0, 4, 5, 2, 8, 6, 6, 8, 7, 6, 0, 2, 7, 9, 3, 6,
        1, 0, 3, 1, 5, 9, 3, 9, 9, 7, 1, 0, 7, 5, 7, 6, 9, 6, 6, 7, 1, 3, 9, 5,
        4, 7])
----train_model(--labels---- tensor([7, 0, 3, 0, 2, 3, 2, 8, 5, 3, 4, 9, 6, 0, 3, 4, 7, 2, 7, 5, 4, 2, 4, 3,
        4, 8, 0, 2, 5, 2, 7, 2, 0, 4, 2, 0, 1, 8, 0, 1, 9, 6, 5, 8, 5, 2, 4, 1,
        6, 2])
----train_model(--labels---- tensor([7, 3, 4, 1, 7, 2, 7, 0, 0, 0, 3, 0, 2, 7, 9, 9, 9, 3, 7, 9, 2, 1, 2, 9,
        1, 8, 0, 6, 3, 3, 7, 1, 9, 3, 2, 9, 9, 5, 6, 9, 1, 2, 1, 8, 1, 3, 4, 7,
        8, 2])
----train_model(--labels---- tensor([7, 2, 1, 6, 9, 9, 7, 0, 5, 5, 4, 7, 1, 1, 9, 8, 8, 2, 6, 0, 1, 0, 4, 9,
        7, 0, 8, 8, 2, 8, 9, 5, 2, 1, 5, 3, 2, 9, 8, 9, 4, 0, 5, 3, 0, 7, 6, 1,
        0, 4])
----train_model(--labels---- tensor([6, 7, 4, 7, 5, 7, 4, 2, 0, 3, 1, 2, 2, 4, 6, 9, 6, 4, 9, 6, 2, 2, 3, 2,
        6, 8, 5, 7, 4, 3, 1, 3, 7, 1, 8, 6, 7, 7, 4, 4, 4, 1, 0, 5, 6, 8, 1, 2,
        3, 1])
----train_model(--labels---- tensor([3, 5, 4, 7, 2, 0, 7, 4, 1, 6, 1, 6, 7, 3, 4, 0, 4, 3, 5, 1, 4, 9, 3, 4,
        1, 7, 8, 7, 6, 0, 1, 5, 2, 9, 7, 8, 1, 8, 1, 5, 1, 0, 1, 2, 0, 7, 4, 5,
        8, 8])
----train_model(--labels---- tensor([7, 6, 7, 8, 4, 5, 2, 3, 1, 3, 4, 6, 8, 6, 9, 6, 7, 0, 9, 2, 2, 8, 3, 8,
        9, 5, 0, 1, 0, 7, 5, 8, 6, 9, 8, 2, 2, 2, 1, 3, 9, 6, 8, 2, 6, 7, 0, 1,
        4, 4])
----train_model(--labels---- tensor([2, 3, 2, 6, 5, 5, 0, 7, 1, 6, 4, 5, 4, 4, 8, 0, 7, 9, 3, 5, 3, 6, 9, 8,
        1, 2, 3, 8, 8, 2, 5, 5, 4, 7, 7, 2, 1, 6, 7, 2, 4, 4, 9, 7, 7, 2, 7, 5,
        1, 1])
----train_model(--labels---- tensor([5, 4, 7, 0, 6, 5, 3, 1, 2, 1, 2, 2, 3, 3, 0, 9, 2, 7, 7, 0, 4, 4, 1, 8,
        0, 6, 1, 2, 1, 9, 7, 0, 5, 5, 5, 4, 0, 2, 5, 1, 6, 1, 7, 1, 3, 2, 6, 8,
        5, 6])
----train_model(--labels---- tensor([4, 3, 5, 4, 2, 8, 0, 3, 3, 0, 0, 5, 4, 5, 5, 7, 4, 7, 7, 3, 2, 5, 1, 5,
        7, 6, 3, 4, 6, 2, 7, 4, 2, 1, 6, 4, 9, 2, 9, 5, 4, 2, 5, 1, 6, 1, 8, 0,
        7, 2])
----train_model(--labels---- tensor([8, 7, 4, 7, 5, 4, 2, 6, 3, 4, 7, 0, 8, 1, 9, 3, 4, 3, 0, 6, 0, 8, 6, 4,
        8, 3, 5, 0, 9, 4, 0, 6, 5, 6, 8, 1, 3, 5, 6, 2, 9, 9, 1, 3, 0, 8, 1, 8,
        4, 5])
----train_model(--labels---- tensor([1, 1, 0, 0, 2, 0, 7, 1, 2, 0, 7, 0, 5, 2, 5, 9, 6, 6, 6, 2, 7, 9, 9, 2,
        5, 9, 0, 2, 7, 4, 8, 3, 9, 3, 1, 5, 6, 8, 6, 6, 3, 7, 4, 6, 9, 0, 2, 4,
        2, 2])
----train_model(--labels---- tensor([2, 0, 9, 1, 5, 4, 7, 6, 6, 2, 2, 5, 4, 3, 0, 3, 6, 5, 7, 8, 7, 2, 2, 9,
        8, 0, 3, 5, 6, 0, 4, 8, 2, 3, 4, 2, 0, 8, 8, 7, 5, 7, 7, 1, 4, 6, 2, 2,
        9, 5])
----train_model(--labels---- tensor([9, 9, 9, 4, 1, 6, 0, 4, 3, 8, 9, 9, 1, 4, 6, 1, 4, 4, 3, 7, 9, 7, 1, 7,
        2, 3, 1, 2, 6, 1, 9, 1, 5, 8, 1, 4, 8, 3, 5, 3, 5, 8, 9, 3, 1, 5, 0, 7,
        2, 4])
----train_model(--labels---- tensor([0, 3, 8, 2, 7, 8, 0, 4, 9, 7, 9, 4, 9, 5, 8, 3, 9, 5, 5, 0, 1, 3, 8, 7,
        5, 0, 2, 8, 8, 1, 1, 2, 7, 5, 7, 8, 4, 3, 4, 4, 1, 1, 9, 1, 1, 3, 3, 0,
        8, 9])
----train_model(--labels---- tensor([0, 8, 7, 6, 0, 9, 6, 8, 5, 7, 1, 3, 2, 4, 7, 5, 4, 8, 1, 6, 9, 8, 7, 1,
        3, 1, 9, 0, 6, 3, 7, 3, 0, 9, 2, 1, 1, 6, 3, 3, 7, 9, 3, 6, 4, 2, 0, 2,
        2, 8])
----train_model(--labels---- tensor([9, 9, 7, 3, 9, 0, 5, 5, 3, 0, 0, 0, 4, 2, 9, 5, 9, 0, 4, 7, 9, 1, 2, 9,
        9, 3, 1, 5, 4, 4, 3, 5, 4, 0, 8, 5, 4, 6, 8, 0, 7, 4, 0, 6, 0, 9, 1, 8,
        7, 0])
