Loading known faces
----NAMES_DIR--- trump
----NAMES_DIR--filename- trump_5.jpeg
----type(encoding---- <class 'list'>
----encoding---- [array([-0.06267156,  0.10884357, -0.05181685, -0.04689931, -0.0890486 ,
       -0.01642849,  0.02388599, -0.1803433 ,  0.04968753, -0.09498809,
        0.27297926, -0.10718467, -0.33488876, -0.11732484, -0.00648096,
        0.14312029, -0.13766141, -0.06479651, -0.21799137, -0.11513036,
       -0.03023602,  0.07731325,  0.04806538,  0.01842239, -0.11449552,
       -0.22586036, -0.06629603, -0.12389924,  0.04794071, -0.06146047,
        0.07321218,  0.02687353, -0.19720607, -0.08594245,  0.00588479,
        0.02845455, -0.06984054, -0.0573253 ,  0.14737341,  0.02745381,
       -0.10816295, -0.00553239, -0.02509909,  0.23591265,  0.26118764,
       -0.04186813,  0.01444371, -0.08933301,  0.06872515, -0.28675115,
        0.0024495 ,  0.08410099,  0.0868642 ,  0.09298816,  0.03542095,
       -0.08277706,  0.00973263,  0.2122944 , -0.19590491,  0.05344005,
        0.06104396, -0.1606051 , -0.01855457, -0.04138677,  0.08096068,
        0.03131382, -0.0694936 , -0.0868431 ,  0.22465569, -0.18592928,
       -0.07657243,  0.02939825, -0.05849475, -0.18443081, -0.32520917,
        0.06848612,  0.34800968,  0.21463454, -0.15106928, -0.03170329,
       -0.03795595, -0.01253006,  0.02670028,  0.00144478,  0.00362027,
       -0.15945242, -0.09277786,  0.04859461,  0.17306158, -0.12241831,
       -0.00152697,  0.28384501, -0.05414491, -0.06154436,  0.06920742,
        0.05569983, -0.11492855, -0.00854069, -0.03988766,  0.02056302,
        0.04394505, -0.19829357,  0.05344005,  0.05967177, -0.09770056,
        0.2088055 , -0.05957263, -0.03443932, -0.0116594 , -0.09597856,
        0.00185704,  0.03967598,  0.22763005, -0.15108249,  0.25218123,
        0.20509423, -0.01705767,  0.16545172,  0.04497139,  0.10333404,
       -0.04268635, -0.02033478, -0.1541587 , -0.18338862, -0.00174403,
        0.01641105,  0.01860908,  0.03352969])]
----NAMES_DIR--- trump
----NAMES_DIR--filename- trump_1.png
----type(encoding---- <class 'list'>
----encoding---- [array([-0.10513403,  0.0858946 ,  0.07019541, -0.04596181, -0.07334349,
       -0.04057182,  0.04098132, -0.15533915,  0.14541619, -0.10447721,
        0.25070393, -0.03344724, -0.32950497, -0.08023291, -0.00470801,
        0.18102495, -0.11261863, -0.08875208, -0.18045928, -0.14319573,
        0.09247318,  0.06872772,  0.03075472, -0.00155679, -0.09640043,
       -0.28741851, -0.08178135, -0.04712771, -0.03103554, -0.06811494,
        0.04905975,  0.0072677 , -0.24819195, -0.09737872, -0.0144101 ,
        0.00592691, -0.07244283, -0.10221225,  0.13585629,  0.00730182,
       -0.12340564, -0.0559965 , -0.0049111 ,  0.17740828,  0.19433424,
        0.01115631,  0.04755048, -0.14543532,  0.07789894, -0.27006859,
        0.03251415,  0.09101382,  0.06114999,  0.08395269,  0.07104924,
       -0.09158765,  0.00875593,  0.1477115 , -0.14055455,  0.03918316,
        0.09058943, -0.17667653, -0.07576028, -0.09574517,  0.0926329 ,
        0.06902073, -0.06180212, -0.0940363 ,  0.19454065, -0.12838119,
       -0.12043626, -0.00880659, -0.07616843, -0.17363279, -0.36947483,
       -0.00174783,  0.4217476 ,  0.13692527, -0.19701688, -0.03034878,
       -0.0867102 ,  0.06642509,  0.11750024,  0.01651274, -0.00440166,
       -0.07741161, -0.09631801,  0.08074794,  0.21086258, -0.08745156,
       -0.06507503,  0.2492343 , -0.01833622,  0.00497171,  0.04370317,
        0.07313529, -0.03958704,  0.02019899, -0.07138564,  0.04437215,
        0.06570519, -0.09327227,  0.01760928,  0.05467579, -0.13342649,
        0.17074355,  0.001651  ,  0.00520373, -0.00751501, -0.07852405,
       -0.11216039,  0.03356787,  0.14034547, -0.19162823,  0.23514774,
        0.21236172, -0.08031137,  0.17041764,  0.02000209,  0.12120136,
       -0.04254601, -0.07455952, -0.1901259 , -0.14263041,  0.06129412,
        0.07491388,  0.04996654,  0.05248998])]
----NAMES_DIR--- trump
----NAMES_DIR--filename- trump_3.jpeg
----type(encoding---- <class 'list'>
----encoding---- [array([-0.09283037,  0.08873586,  0.05488127,  0.01777167, -0.06490812,
       -0.02518399,  0.06661221, -0.15502022,  0.11204819, -0.09306838,
        0.21948186, -0.04520974, -0.33818603, -0.13841687,  0.01173705,
        0.18609712, -0.09308075, -0.12661096, -0.15459611, -0.15819208,
        0.08469195,  0.04850793,  0.02111898, -0.01670612, -0.0981714 ,
       -0.26627043, -0.06089934, -0.08723078, -0.00886672, -0.0832251 ,
        0.05421147,  0.04913904, -0.19685555, -0.10126382,  0.01375579,
        0.03251549, -0.07429735, -0.05828456,  0.14253734, -0.02149176,
       -0.12198946, -0.05507094,  0.02060171,  0.20918457,  0.16292101,
        0.00642109,  0.01828175, -0.08895679,  0.07666726, -0.26993424,
       -0.03349466,  0.12283468,  0.05698758,  0.12219936,  0.0720262 ,
       -0.07517248,  0.04681905,  0.15686069, -0.17577134,  0.06496365,
        0.05810163, -0.23345633, -0.03245912, -0.03227452,  0.1135044 ,
        0.05654768, -0.01855268, -0.12178617,  0.17803927, -0.15522465,
       -0.14959946, -0.00525907, -0.07795391, -0.15208298, -0.3251588 ,
       -0.01526092,  0.35646775,  0.14960058, -0.18845223,  0.01188715,
       -0.05684139,  0.0485792 ,  0.13074467,  0.01379886,  0.01316356,
       -0.08258019, -0.12498834,  0.01909659,  0.21323884, -0.10707922,
       -0.04190295,  0.22166035, -0.02522654,  0.00605232,  0.06103531,
        0.01187985, -0.06963601,  0.01412777, -0.10425974, -0.03628622,
        0.04912046, -0.1056713 ,  0.04563978,  0.03696185, -0.11320546,
        0.15584642, -0.01891308,  0.01834669, -0.04094668, -0.07156282,
       -0.08682653,  0.06162387,  0.14541106, -0.15923631,  0.30635184,
        0.22547208, -0.06732557,  0.13571003,  0.04731669,  0.07992465,
       -0.04520904, -0.07396266, -0.14683703, -0.15049426,  0.07278732,
        0.04795091,  0.0341646 ,  0.01615011])]
----NAMES_DIR--- trump
----NAMES_DIR--filename- trump_4.jpeg
----type(encoding---- <class 'list'>
---Image Didnt Give an ENcoding---- trump_4.jpeg
----NAMES_DIR--- trump
----NAMES_DIR--filename- trump_2.jpeg
----type(encoding---- <class 'list'>
----encoding---- [array([-0.10673589,  0.11710127,  0.01900073, -0.03338001, -0.08254919,
        0.0010491 ,  0.01903997, -0.15047619,  0.09870669, -0.11224578,
        0.21438701, -0.05014065, -0.37320268, -0.10894923,  0.00857382,
        0.12717086, -0.11674834, -0.10156021, -0.1868227 , -0.15623119,
        0.01107663,  0.10238836, -0.00212728, -0.03788599, -0.13727826,
       -0.21379344, -0.09103407, -0.10340128,  0.04316064, -0.06031541,
        0.0349474 ,  0.05305594, -0.16550516, -0.08358225,  0.00905041,
        0.04860629, -0.04434941, -0.03218527,  0.08427277,  0.02137529,
       -0.12908912, -0.05628042, -0.01394653,  0.22792831,  0.24077336,
        0.00797153,  0.03039659, -0.16938592,  0.07651187, -0.23475286,
        0.04046139,  0.09983449,  0.08284459,  0.11664293,  0.0628138 ,
       -0.12644833,  0.01223218,  0.17814638, -0.17111771,  0.07331981,
        0.08286557, -0.20493308, -0.04627937, -0.04097914,  0.07497884,
        0.02928221, -0.04474582, -0.17617197,  0.27077091, -0.20645373,
       -0.14671893,  0.10129832, -0.04515937, -0.13545631, -0.35651103,
        0.0151309 ,  0.36987233,  0.18657061, -0.16061451, -0.03372867,
       -0.06568515, -0.02950368,  0.08094522,  0.05564693, -0.02044008,
       -0.13592239, -0.11371625,  0.0156816 ,  0.2454381 , -0.09382588,
       -0.02735417,  0.23404013,  0.00900576, -0.02854331,  0.05849579,
        0.07293507, -0.1136894 , -0.01391709, -0.07019091, -0.06782739,
        0.06063479, -0.15724909,  0.00377541,  0.09830535, -0.10343436,
        0.23913011, -0.02189721, -0.0153002 , -0.03398877, -0.14613324,
        0.00400715,  0.07081126,  0.23399517, -0.17277554,  0.2156278 ,
        0.20718515,  0.01730421,  0.14417616,  0.04352399,  0.10602444,
       -0.04920401, -0.09611174, -0.20731601, -0.16194235,  0.02007974,
       -0.01051151,  0.01118698,  0.04669604])]
