absl-py==0.9.0
affine==2.3.0
albumentations==0.4.6
appsettings==0.8
apptools==4.5.0
astunparse==1.6.3
attrs==19.3.0
backcall==0.1.0
beautifulsoup4==4.9.1
bleach==3.1.5
blinker==1.4
bqplot==0.12.12
branca==0.3.1
cachetools==3.1.1
certifi==2020.4.5.1
cffi==1.14.0
chardet==3.0.4
click==7.1.2
click-plugins==1.1.1
cligj==0.5.0
cloudpickle==1.5.0
colour==0.1.5
configobj==5.0.6
cryptography==2.9.2
cycler==0.10.0
decorator==4.4.2
defusedxml==0.6.0
descartes==1.1.0
dulwich==0.20.3
earthengine-api==0.1.225
entrypoints==0.3
ExifRead==2.1.2
Fiona==1.8.9.post2
folium==0.11.0
future==0.18.2
gast==0.3.3
geeadd==0.5.0
geemap==0.7.1
geocoder==1.38.1
geojson==2.5.0
geomet==0.2.1.post1
geopandas==0.7.0
google-api-core==1.20.0
google-api-python-client==1.9.3
google-auth==1.17.2
google-auth-httplib2==0.0.3
google-auth-oauthlib==0.4.1
google-cloud-core==1.3.0
google-cloud-storage==1.29.0
google-pasta==0.2.0
google-resumable-media==0.5.1
googleapis-common-protos==1.52.0
gpxpy==1.4.2
grpcio==1.27.2
h5py==2.10.0
html2text==2020.1.16
httplib2==0.18.1
httplib2shim==0.0.3
idna==2.8
imageio==2.8.0
imageio-ffmpeg==0.4.2
imgaug==0.4.0
ipyfilechooser==0.3.4
ipykernel==5.3.0
ipyleaflet==0.13.0
ipynb-py-convert==0.4.5
ipython==7.15.0
ipython-genutils==0.2.0
ipytree==0.1.8
ipywidgets==7.5.1
jakarto-datasets==0.1.0
jedi==0.17.0
Jinja2==2.11.2
joblib==0.16.0
jsonschema==3.2.0
jupyter==1.0.0
jupyter-client==6.1.3
jupyter-console==6.1.0
jupyter-core==4.6.3
Keras-Preprocessing==1.1.0
kiwisolver==1.2.0
laspy==1.7.0
logzero==1.5.0
loky==2.8.0
lxml==4.5.2
Markdown==3.1.1
MarkupSafe==1.1.1
matplotlib==3.2.1
mistune==0.8.4
mkl-fft==1.0.15
mkl-random==1.1.1
mkl-service==2.3.0
moviepy==1.0.3
mss==5.1.0
munch==2.5.0
nbconvert==5.6.1
nbformat==5.0.6
networkx==2.4
notebook==6.0.3
numpy==1.18.1
oauthlib==3.1.0
opencv-python==4.2.0.34
opt-einsum==3.1.0
packaging==20.4
pandas==1.0.4
pandocfilters==1.4.2
parso==0.7.0
pexpect==4.8.0
pickleshare==0.7.5
Pillow==2.2.1
proglog==0.1.9
prometheus-client==0.8.0
prompt-toolkit==3.0.5
protobuf==3.11.4
psutil==5.7.2
ptyprocess==0.6.0
pyasn1==0.4.8
pyasn1-modules==0.2.7
pycparser==2.20
pyface==7.0.0
Pygments==2.6.1
PyJWT==1.7.1
pykitti==0.3.1
pyodm==1.5.4
pyOpenSSL==19.1.0
pyparsing==2.4.7
pyproj==2.6.1.post1
pyrsistent==0.16.0
pyshp==2.1.0
PySocks==1.7.1
pysolar==0.8
python-dateutil==2.8.1
pytz==2020.1
PyWavelets==1.1.1
PyYAML==5.3.1
pyzmq==19.0.1
qtconsole==4.7.4
QtPy==1.9.0
rasterio==1.1.5
ratelim==0.1.6
repoze.lru==0.7
requests==2.21.0
requests-oauthlib==1.3.0
requests-toolbelt==0.9.1
rsa==4.0
scikit-image==0.17.2
scikit-learn==0.23.1
scipy==1.4.1
seaborn==0.10.1
Send2Trash==1.5.0
sentinelsat==0.14
Shapely==1.7.0
six==1.14.0
snuggs==1.4.7
soupsieve==2.0.1
tensorboard==2.2.1
tensorboard-plugin-wit==1.6.0
tensorflow==2.2.0
tensorflow-estimator==2.2.0
termcolor==1.1.0
terminado==0.8.3
testpath==0.4.4
tfco-nightly==0.3.dev20200825
threadpoolctl==2.1.0
tifffile==2020.8.25
tornado==6.0.4
tqdm==4.46.1
traitlets==4.3.3
traits==6.1.0
traitsui==7.0.0
traittypes==0.2.1
uritemplate==3.0.1
urllib3==1.24.1
wcwidth==0.1.9
webencodings==0.5.1
Werkzeug==1.0.1
widgetsnbextension==3.5.1
wrapt==1.12.1
xmltodict==0.12.0
